<?xml version="1.0" encoding="UTF-8"?>
<testsuites>
  <testsuite name="/Users/brian/Developer/packages/assert/phpunit.xml.dist" tests="835" assertions="1494" errors="0" failures="0" skipped="0" time="4.049305">
    <testsuite name="default" tests="835" assertions="1494" errors="0" failures="0" skipped="0" time="4.049305">
      <testsuite name="Tests\Unit\AssertionCodesUniqueTest" file="tests/Unit/AssertionCodesUniqueTest.php" tests="1" assertions="1" errors="0" failures="0" skipped="0" time="0.060550">
        <testcase name="`Edge Cases` → assertion codes are unique across all constants" file="tests/Unit/AssertionCodesUniqueTest.php::`Edge Cases` → assertion codes are unique across all constants" class="Tests\Unit\AssertionCodesUniqueTest" classname="Tests.Unit.AssertionCodesUniqueTest" assertions="1" time="0.060550"/>
      </testsuite>
      <testsuite name="Tests\Unit\Assertions\AssertTest" file="tests/Unit/Assertions/AssertTest.php" tests="582" assertions="1087" errors="0" failures="0" skipped="0" time="2.632392">
        <testcase name="`Numeric Assertions` → `Happy Paths` → accepts valid positive integer values" file="tests/Unit/Assertions/AssertTest.php::`Numeric Assertions` → `Happy Paths` → accepts valid positive integer values" class="Tests\Unit\Assertions\AssertTest" classname="Tests.Unit.Assertions.AssertTest" assertions="3" time="0.011778"/>
        <testcase name="`Numeric Assertions` → `Happy Paths` → accepts valid natural number values" file="tests/Unit/Assertions/AssertTest.php::`Numeric Assertions` → `Happy Paths` → accepts valid natural number values" class="Tests\Unit\Assertions\AssertTest" classname="Tests.Unit.Assertions.AssertTest" assertions="4" time="0.001543"/>
        <testcase name="`Numeric Assertions` → `Sad Paths` → rejects zero in positive integer validation" file="tests/Unit/Assertions/AssertTest.php::`Numeric Assertions` → `Sad Paths` → rejects zero in positive integer validation" class="Tests\Unit\Assertions\AssertTest" classname="Tests.Unit.Assertions.AssertTest" assertions="2" time="0.001945"/>
        <testcase name="`Numeric Assertions` → `Sad Paths` → rejects negative integers in positive integer validation" file="tests/Unit/Assertions/AssertTest.php::`Numeric Assertions` → `Sad Paths` → rejects negative integers in positive integer validation" class="Tests\Unit\Assertions\AssertTest" classname="Tests.Unit.Assertions.AssertTest" assertions="2" time="0.001311"/>
        <testcase name="`Numeric Assertions` → `Sad Paths` → rejects float values in positive integer validation" file="tests/Unit/Assertions/AssertTest.php::`Numeric Assertions` → `Sad Paths` → rejects float values in positive integer validation" class="Tests\Unit\Assertions\AssertTest" classname="Tests.Unit.Assertions.AssertTest" assertions="2" time="0.001101"/>
        <testcase name="`Numeric Assertions` → `Sad Paths` → rejects string values in positive integer validation" file="tests/Unit/Assertions/AssertTest.php::`Numeric Assertions` → `Sad Paths` → rejects string values in positive integer validation" class="Tests\Unit\Assertions\AssertTest" classname="Tests.Unit.Assertions.AssertTest" assertions="2" time="0.001105"/>
        <testcase name="`Numeric Assertions` → `Sad Paths` → rejects null in positive integer validation" file="tests/Unit/Assertions/AssertTest.php::`Numeric Assertions` → `Sad Paths` → rejects null in positive integer validation" class="Tests\Unit\Assertions\AssertTest" classname="Tests.Unit.Assertions.AssertTest" assertions="2" time="0.001178"/>
        <testcase name="`Numeric Assertions` → `Sad Paths` → rejects object in positive integer validation" file="tests/Unit/Assertions/AssertTest.php::`Numeric Assertions` → `Sad Paths` → rejects object in positive integer validation" class="Tests\Unit\Assertions\AssertTest" classname="Tests.Unit.Assertions.AssertTest" assertions="2" time="0.001076"/>
        <testcase name="`Numeric Assertions` → `Sad Paths` → rejects negative integers in natural number validation" file="tests/Unit/Assertions/AssertTest.php::`Numeric Assertions` → `Sad Paths` → rejects negative integers in natural number validation" class="Tests\Unit\Assertions\AssertTest" classname="Tests.Unit.Assertions.AssertTest" assertions="2" time="0.001107"/>
        <testcase name="`Numeric Assertions` → `Sad Paths` → rejects float values in natural number validation" file="tests/Unit/Assertions/AssertTest.php::`Numeric Assertions` → `Sad Paths` → rejects float values in natural number validation" class="Tests\Unit\Assertions\AssertTest" classname="Tests.Unit.Assertions.AssertTest" assertions="2" time="0.001500"/>
        <testcase name="`Numeric Assertions` → `Sad Paths` → rejects string values in natural number validation" file="tests/Unit/Assertions/AssertTest.php::`Numeric Assertions` → `Sad Paths` → rejects string values in natural number validation" class="Tests\Unit\Assertions\AssertTest" classname="Tests.Unit.Assertions.AssertTest" assertions="2" time="0.001499"/>
        <testcase name="`Numeric Assertions` → `Sad Paths` → rejects null in natural number validation" file="tests/Unit/Assertions/AssertTest.php::`Numeric Assertions` → `Sad Paths` → rejects null in natural number validation" class="Tests\Unit\Assertions\AssertTest" classname="Tests.Unit.Assertions.AssertTest" assertions="2" time="0.001518"/>
        <testcase name="`Numeric Assertions` → `Sad Paths` → rejects object in natural number validation" file="tests/Unit/Assertions/AssertTest.php::`Numeric Assertions` → `Sad Paths` → rejects object in natural number validation" class="Tests\Unit\Assertions\AssertTest" classname="Tests.Unit.Assertions.AssertTest" assertions="2" time="0.001909"/>
        <testcase name="`Type Assertions` → `Happy Paths` → accepts valid float values" file="tests/Unit/Assertions/AssertTest.php::`Type Assertions` → `Happy Paths` → accepts valid float values" class="Tests\Unit\Assertions\AssertTest" classname="Tests.Unit.Assertions.AssertTest" assertions="3" time="0.001911"/>
        <testcase name="`Type Assertions` → `Happy Paths` → accepts valid integer values" file="tests/Unit/Assertions/AssertTest.php::`Type Assertions` → `Happy Paths` → accepts valid integer values" class="Tests\Unit\Assertions\AssertTest" classname="Tests.Unit.Assertions.AssertTest" assertions="2" time="0.001734"/>
        <testsuite name="`Type Assertions` → `Happy Paths` → accepts valid integerish va" tests="13" assertions="13" errors="0" failures="0" skipped="0" time="0.023232">
          <testcase name="`Type Assertions` → `Happy Paths` → accepts valid integerish values with data set &quot;(10)&quot;" file="tests/Unit/Assertions/AssertTest.php::`Type Assertions` → `Happy Paths` → accepts valid integerish values with data set &quot;(10)&quot;" class="Tests\Unit\Assertions\AssertTest" classname="Tests.Unit.Assertions.AssertTest" assertions="1" time="0.001711"/>
          <testcase name="`Type Assertions` → `Happy Paths` → accepts valid integerish values with data set &quot;('10')&quot;" file="tests/Unit/Assertions/AssertTest.php::`Type Assertions` → `Happy Paths` → accepts valid integerish values with data set &quot;('10')&quot;" class="Tests\Unit\Assertions\AssertTest" classname="Tests.Unit.Assertions.AssertTest" assertions="1" time="0.001931"/>
          <testcase name="`Type Assertions` → `Happy Paths` → accepts valid integerish values with data set &quot;(-10)&quot;" file="tests/Unit/Assertions/AssertTest.php::`Type Assertions` → `Happy Paths` → accepts valid integerish values with data set &quot;(-10)&quot;" class="Tests\Unit\Assertions\AssertTest" classname="Tests.Unit.Assertions.AssertTest" assertions="1" time="0.001759"/>
          <testcase name="`Type Assertions` → `Happy Paths` → accepts valid integerish values with data set &quot;('-10')&quot;" file="tests/Unit/Assertions/AssertTest.php::`Type Assertions` → `Happy Paths` → accepts valid integerish values with data set &quot;('-10')&quot;" class="Tests\Unit\Assertions\AssertTest" classname="Tests.Unit.Assertions.AssertTest" assertions="1" time="0.001615"/>
          <testcase name="`Type Assertions` → `Happy Paths` → accepts valid integerish values with data set &quot;(83) #1&quot;" file="tests/Unit/Assertions/AssertTest.php::`Type Assertions` → `Happy Paths` → accepts valid integerish values with data set &quot;(83) #1&quot;" class="Tests\Unit\Assertions\AssertTest" classname="Tests.Unit.Assertions.AssertTest" assertions="1" time="0.001603"/>
          <testcase name="`Type Assertions` → `Happy Paths` → accepts valid integerish values with data set &quot;('0123')&quot;" file="tests/Unit/Assertions/AssertTest.php::`Type Assertions` → `Happy Paths` → accepts valid integerish values with data set &quot;('0123')&quot;" class="Tests\Unit\Assertions\AssertTest" classname="Tests.Unit.Assertions.AssertTest" assertions="1" time="0.001842"/>
          <testcase name="`Type Assertions` → `Happy Paths` → accepts valid integerish values with data set &quot;(0) #1&quot;" file="tests/Unit/Assertions/AssertTest.php::`Type Assertions` → `Happy Paths` → accepts valid integerish values with data set &quot;(0) #1&quot;" class="Tests\Unit\Assertions\AssertTest" classname="Tests.Unit.Assertions.AssertTest" assertions="1" time="0.001810"/>
          <testcase name="`Type Assertions` → `Happy Paths` → accepts valid integerish values with data set &quot;('0')&quot;" file="tests/Unit/Assertions/AssertTest.php::`Type Assertions` → `Happy Paths` → accepts valid integerish values with data set &quot;('0')&quot;" class="Tests\Unit\Assertions\AssertTest" classname="Tests.Unit.Assertions.AssertTest" assertions="1" time="0.001862"/>
          <testcase name="`Type Assertions` → `Happy Paths` → accepts valid integerish values with data set &quot;(83) #2&quot;" file="tests/Unit/Assertions/AssertTest.php::`Type Assertions` → `Happy Paths` → accepts valid integerish values with data set &quot;(83) #2&quot;" class="Tests\Unit\Assertions\AssertTest" classname="Tests.Unit.Assertions.AssertTest" assertions="1" time="0.001944"/>
          <testcase name="`Type Assertions` → `Happy Paths` → accepts valid integerish values with data set &quot;('00123')&quot;" file="tests/Unit/Assertions/AssertTest.php::`Type Assertions` → `Happy Paths` → accepts valid integerish values with data set &quot;('00123')&quot;" class="Tests\Unit\Assertions\AssertTest" classname="Tests.Unit.Assertions.AssertTest" assertions="1" time="0.001944"/>
          <testcase name="`Type Assertions` → `Happy Paths` → accepts valid integerish values with data set &quot;(0) #2&quot;" file="tests/Unit/Assertions/AssertTest.php::`Type Assertions` → `Happy Paths` → accepts valid integerish values with data set &quot;(0) #2&quot;" class="Tests\Unit\Assertions\AssertTest" classname="Tests.Unit.Assertions.AssertTest" assertions="1" time="0.001782"/>
          <testcase name="`Type Assertions` → `Happy Paths` → accepts valid integerish values with data set &quot;('00')&quot;" file="tests/Unit/Assertions/AssertTest.php::`Type Assertions` → `Happy Paths` → accepts valid integerish values with data set &quot;('00')&quot;" class="Tests\Unit\Assertions\AssertTest" classname="Tests.Unit.Assertions.AssertTest" assertions="1" time="0.001901"/>
          <testcase name="`Type Assertions` → `Happy Paths` → accepts valid integerish values with data set &quot;('0040')&quot;" file="tests/Unit/Assertions/AssertTest.php::`Type Assertions` → `Happy Paths` → accepts valid integerish values with data set &quot;('0040')&quot;" class="Tests\Unit\Assertions\AssertTest" classname="Tests.Unit.Assertions.AssertTest" assertions="1" time="0.001528"/>
        </testsuite>
        <testcase name="`Type Assertions` → `Happy Paths` → accepts valid boolean values" file="tests/Unit/Assertions/AssertTest.php::`Type Assertions` → `Happy Paths` → accepts valid boolean values" class="Tests\Unit\Assertions\AssertTest" classname="Tests.Unit.Assertions.AssertTest" assertions="2" time="0.001625"/>
        <testcase name="`Type Assertions` → `Happy Paths` → accepts valid scalar values" file="tests/Unit/Assertions/AssertTest.php::`Type Assertions` → `Happy Paths` → accepts valid scalar values" class="Tests\Unit\Assertions\AssertTest" classname="Tests.Unit.Assertions.AssertTest" assertions="4" time="0.001720"/>
        <testcase name="`Type Assertions` → `Happy Paths` → accepts valid numeric values" file="tests/Unit/Assertions/AssertTest.php::`Type Assertions` → `Happy Paths` → accepts valid numeric values" class="Tests\Unit\Assertions\AssertTest" classname="Tests.Unit.Assertions.AssertTest" assertions="3" time="0.002231"/>
        <testcase name="`Type Assertions` → `Happy Paths` → accepts valid digit values" file="tests/Unit/Assertions/AssertTest.php::`Type Assertions` → `Happy Paths` → accepts valid digit values" class="Tests\Unit\Assertions\AssertTest" classname="Tests.Unit.Assertions.AssertTest" assertions="3" time="0.001832"/>
        <testcase name="`Type Assertions` → `Happy Paths` → accepts float values coerced to string in digit validation" file="tests/Unit/Assertions/AssertTest.php::`Type Assertions` → `Happy Paths` → accepts float values coerced to string in digit validation" class="Tests\Unit\Assertions\AssertTest" classname="Tests.Unit.Assertions.AssertTest" assertions="2" time="0.001795"/>
        <testcase name="`Type Assertions` → `Happy Paths` → accepts valid alphanumeric strings" file="tests/Unit/Assertions/AssertTest.php::`Type Assertions` → `Happy Paths` → accepts valid alphanumeric strings" class="Tests\Unit\Assertions\AssertTest" classname="Tests.Unit.Assertions.AssertTest" assertions="4" time="0.001752"/>
        <testcase name="`Type Assertions` → `Happy Paths` → accepts valid iterable values" file="tests/Unit/Assertions/AssertTest.php::`Type Assertions` → `Happy Paths` → accepts valid iterable values" class="Tests\Unit\Assertions\AssertTest" classname="Tests.Unit.Assertions.AssertTest" assertions="3" time="0.001765"/>
        <testcase name="`Type Assertions` → `Happy Paths` → accepts ArrayIterator as iterable" file="tests/Unit/Assertions/AssertTest.php::`Type Assertions` → `Happy Paths` → accepts ArrayIterator as iterable" class="Tests\Unit\Assertions\AssertTest" classname="Tests.Unit.Assertions.AssertTest" assertions="1" time="0.002163"/>
        <testcase name="`Type Assertions` → `Happy Paths` → accepts generators as iterable" file="tests/Unit/Assertions/AssertTest.php::`Type Assertions` → `Happy Paths` → accepts generators as iterable" class="Tests\Unit\Assertions\AssertTest" classname="Tests.Unit.Assertions.AssertTest" assertions="1" time="0.001922"/>
        <testcase name="`Type Assertions` → `Happy Paths` → accepts object matching one of multiple classes" file="tests/Unit/Assertions/AssertTest.php::`Type Assertions` → `Happy Paths` → accepts object matching one of multiple classes" class="Tests\Unit\Assertions\AssertTest" classname="Tests.Unit.Assertions.AssertTest" assertions="2" time="0.001911"/>
        <testcase name="`Type Assertions` → `Happy Paths` → accepts object matching any class in array" file="tests/Unit/Assertions/AssertTest.php::`Type Assertions` → `Happy Paths` → accepts object matching any class in array" class="Tests\Unit\Assertions\AssertTest" classname="Tests.Unit.Assertions.AssertTest" assertions="1" time="0.001881"/>
        <testcase name="`Type Assertions` → `Happy Paths` → accepts objects matching one of multiple classes with isAnyOf" file="tests/Unit/Assertions/AssertTest.php::`Type Assertions` → `Happy Paths` → accepts objects matching one of multiple classes with isAnyOf" class="Tests\Unit\Assertions\AssertTest" classname="Tests.Unit.Assertions.AssertTest" assertions="1" time="0.001802"/>
        <testcase name="`Type Assertions` → `Happy Paths` → accepts class strings matching one of multiple classes with isAnyOf" file="tests/Unit/Assertions/AssertTest.php::`Type Assertions` → `Happy Paths` → accepts class strings matching one of multiple classes with isAnyOf" class="Tests\Unit\Assertions\AssertTest" classname="Tests.Unit.Assertions.AssertTest" assertions="1" time="0.001830"/>
        <testcase name="`Type Assertions` → `Happy Paths` → accepts objects with inheritance using isAnyOf" file="tests/Unit/Assertions/AssertTest.php::`Type Assertions` → `Happy Paths` → accepts objects with inheritance using isAnyOf" class="Tests\Unit\Assertions\AssertTest" classname="Tests.Unit.Assertions.AssertTest" assertions="1" time="0.002372"/>
        <testcase name="`Type Assertions` → `Happy Paths` → accepts objects not matching the specified class" file="tests/Unit/Assertions/AssertTest.php::`Type Assertions` → `Happy Paths` → accepts objects not matching the specified class" class="Tests\Unit\Assertions\AssertTest" classname="Tests.Unit.Assertions.AssertTest" assertions="1" time="0.001829"/>
        <testcase name="`Type Assertions` → `Happy Paths` → accepts class strings not matching the specified class" file="tests/Unit/Assertions/AssertTest.php::`Type Assertions` → `Happy Paths` → accepts class strings not matching the specified class" class="Tests\Unit\Assertions\AssertTest" classname="Tests.Unit.Assertions.AssertTest" assertions="1" time="0.001735"/>
        <testcase name="`Type Assertions` → `Happy Paths` → accepts objects not in inheritance chain" file="tests/Unit/Assertions/AssertTest.php::`Type Assertions` → `Happy Paths` → accepts objects not in inheritance chain" class="Tests\Unit\Assertions\AssertTest" classname="Tests.Unit.Assertions.AssertTest" assertions="1" time="0.001865"/>
        <testsuite name="`Type Assertions` → `Sad Paths` → rejects invalid float va" tests="6" assertions="12" errors="0" failures="0" skipped="0" time="0.010241">
          <testcase name="`Type Assertions` → `Sad Paths` → rejects invalid float values with data set &quot;(1)&quot;" file="tests/Unit/Assertions/AssertTest.php::`Type Assertions` → `Sad Paths` → rejects invalid float values with data set &quot;(1)&quot;" class="Tests\Unit\Assertions\AssertTest" classname="Tests.Unit.Assertions.AssertTest" assertions="2" time="0.001804"/>
          <testcase name="`Type Assertions` → `Sad Paths` → rejects invalid float values with data set &quot;(false)&quot;" file="tests/Unit/Assertions/AssertTest.php::`Type Assertions` → `Sad Paths` → rejects invalid float values with data set &quot;(false)&quot;" class="Tests\Unit\Assertions\AssertTest" classname="Tests.Unit.Assertions.AssertTest" assertions="2" time="0.001980"/>
          <testcase name="`Type Assertions` → `Sad Paths` → rejects invalid float values with data set &quot;('test')&quot;" file="tests/Unit/Assertions/AssertTest.php::`Type Assertions` → `Sad Paths` → rejects invalid float values with data set &quot;('test')&quot;" class="Tests\Unit\Assertions\AssertTest" classname="Tests.Unit.Assertions.AssertTest" assertions="2" time="0.001803"/>
          <testcase name="`Type Assertions` → `Sad Paths` → rejects invalid float values with data set &quot;(null)&quot;" file="tests/Unit/Assertions/AssertTest.php::`Type Assertions` → `Sad Paths` → rejects invalid float values with data set &quot;(null)&quot;" class="Tests\Unit\Assertions\AssertTest" classname="Tests.Unit.Assertions.AssertTest" assertions="2" time="0.001538"/>
          <testcase name="`Type Assertions` → `Sad Paths` → rejects invalid float values with data set &quot;('1.23')&quot;" file="tests/Unit/Assertions/AssertTest.php::`Type Assertions` → `Sad Paths` → rejects invalid float values with data set &quot;('1.23')&quot;" class="Tests\Unit\Assertions\AssertTest" classname="Tests.Unit.Assertions.AssertTest" assertions="2" time="0.001533"/>
          <testcase name="`Type Assertions` → `Sad Paths` → rejects invalid float values with data set &quot;('10')&quot;" file="tests/Unit/Assertions/AssertTest.php::`Type Assertions` → `Sad Paths` → rejects invalid float values with data set &quot;('10')&quot;" class="Tests\Unit\Assertions\AssertTest" classname="Tests.Unit.Assertions.AssertTest" assertions="2" time="0.001583"/>
        </testsuite>
        <testsuite name="`Type Assertions` → `Sad Paths` → rejects invalid integer va" tests="7" assertions="14" errors="0" failures="0" skipped="0" time="0.012945">
          <testcase name="`Type Assertions` → `Sad Paths` → rejects invalid integer values with data set &quot;(1.23)&quot;" file="tests/Unit/Assertions/AssertTest.php::`Type Assertions` → `Sad Paths` → rejects invalid integer values with data set &quot;(1.23)&quot;" class="Tests\Unit\Assertions\AssertTest" classname="Tests.Unit.Assertions.AssertTest" assertions="2" time="0.001650"/>
          <testcase name="`Type Assertions` → `Sad Paths` → rejects invalid integer values with data set &quot;(false)&quot;" file="tests/Unit/Assertions/AssertTest.php::`Type Assertions` → `Sad Paths` → rejects invalid integer values with data set &quot;(false)&quot;" class="Tests\Unit\Assertions\AssertTest" classname="Tests.Unit.Assertions.AssertTest" assertions="2" time="0.002096"/>
          <testcase name="`Type Assertions` → `Sad Paths` → rejects invalid integer values with data set &quot;('test')&quot;" file="tests/Unit/Assertions/AssertTest.php::`Type Assertions` → `Sad Paths` → rejects invalid integer values with data set &quot;('test')&quot;" class="Tests\Unit\Assertions\AssertTest" classname="Tests.Unit.Assertions.AssertTest" assertions="2" time="0.002143"/>
          <testcase name="`Type Assertions` → `Sad Paths` → rejects invalid integer values with data set &quot;(null)&quot;" file="tests/Unit/Assertions/AssertTest.php::`Type Assertions` → `Sad Paths` → rejects invalid integer values with data set &quot;(null)&quot;" class="Tests\Unit\Assertions\AssertTest" classname="Tests.Unit.Assertions.AssertTest" assertions="2" time="0.001731"/>
          <testcase name="`Type Assertions` → `Sad Paths` → rejects invalid integer values with data set &quot;('1.23')&quot;" file="tests/Unit/Assertions/AssertTest.php::`Type Assertions` → `Sad Paths` → rejects invalid integer values with data set &quot;('1.23')&quot;" class="Tests\Unit\Assertions\AssertTest" classname="Tests.Unit.Assertions.AssertTest" assertions="2" time="0.001669"/>
          <testcase name="`Type Assertions` → `Sad Paths` → rejects invalid integer values with data set &quot;('10')&quot;" file="tests/Unit/Assertions/AssertTest.php::`Type Assertions` → `Sad Paths` → rejects invalid integer values with data set &quot;('10')&quot;" class="Tests\Unit\Assertions\AssertTest" classname="Tests.Unit.Assertions.AssertTest" assertions="2" time="0.001622"/>
          <testcase name="`Type Assertions` → `Sad Paths` → rejects invalid integer values with data set &quot;(Illuminate\Support\Carbon)&quot;" file="tests/Unit/Assertions/AssertTest.php::`Type Assertions` → `Sad Paths` → rejects invalid integer values with data set &quot;(Illuminate\Support\Carbon)&quot;" class="Tests\Unit\Assertions\AssertTest" classname="Tests.Unit.Assertions.AssertTest" assertions="2" time="0.002032"/>
        </testsuite>
        <testsuite name="`Type Assertions` → `Sad Paths` → rejects invalid integerish va" tests="24" assertions="48" errors="0" failures="0" skipped="0" time="0.048713">
          <testcase name="`Type Assertions` → `Sad Paths` → rejects invalid integerish values with data set &quot;dataset &quot;A float&quot;&quot;" file="tests/Unit/Assertions/AssertTest.php::`Type Assertions` → `Sad Paths` → rejects invalid integerish values with data set &quot;dataset &quot;A float&quot;&quot;" class="Tests\Unit\Assertions\AssertTest" classname="Tests.Unit.Assertions.AssertTest" assertions="2" time="0.001935"/>
          <testcase name="`Type Assertions` → `Sad Paths` → rejects invalid integerish values with data set &quot;dataset &quot;Boolean true&quot;&quot;" file="tests/Unit/Assertions/AssertTest.php::`Type Assertions` → `Sad Paths` → rejects invalid integerish values with data set &quot;dataset &quot;Boolean true&quot;&quot;" class="Tests\Unit\Assertions\AssertTest" classname="Tests.Unit.Assertions.AssertTest" assertions="2" time="0.001639"/>
          <testcase name="`Type Assertions` → `Sad Paths` → rejects invalid integerish values with data set &quot;dataset &quot;Boolean false&quot;&quot;" file="tests/Unit/Assertions/AssertTest.php::`Type Assertions` → `Sad Paths` → rejects invalid integerish values with data set &quot;dataset &quot;Boolean false&quot;&quot;" class="Tests\Unit\Assertions\AssertTest" classname="Tests.Unit.Assertions.AssertTest" assertions="2" time="0.001672"/>
          <testcase name="`Type Assertions` → `Sad Paths` → rejects invalid integerish values with data set &quot;dataset &quot;A text string&quot;&quot;" file="tests/Unit/Assertions/AssertTest.php::`Type Assertions` → `Sad Paths` → rejects invalid integerish values with data set &quot;dataset &quot;A text string&quot;&quot;" class="Tests\Unit\Assertions\AssertTest" classname="Tests.Unit.Assertions.AssertTest" assertions="2" time="0.001724"/>
          <testcase name="`Type Assertions` → `Sad Paths` → rejects invalid integerish values with data set &quot;dataset &quot;A null&quot;&quot;" file="tests/Unit/Assertions/AssertTest.php::`Type Assertions` → `Sad Paths` → rejects invalid integerish values with data set &quot;dataset &quot;A null&quot;&quot;" class="Tests\Unit\Assertions\AssertTest" classname="Tests.Unit.Assertions.AssertTest" assertions="2" time="0.001704"/>
          <testcase name="`Type Assertions` → `Sad Paths` → rejects invalid integerish values with data set &quot;dataset &quot;A float in a string&quot;&quot;" file="tests/Unit/Assertions/AssertTest.php::`Type Assertions` → `Sad Paths` → rejects invalid integerish values with data set &quot;dataset &quot;A float in a string&quot;&quot;" class="Tests\Unit\Assertions\AssertTest" classname="Tests.Unit.Assertions.AssertTest" assertions="2" time="0.002459"/>
          <testcase name="`Type Assertions` → `Sad Paths` → rejects invalid integerish values with data set &quot;dataset &quot;A negative float in a string&quot;&quot;" file="tests/Unit/Assertions/AssertTest.php::`Type Assertions` → `Sad Paths` → rejects invalid integerish values with data set &quot;dataset &quot;A negative float in a string&quot;&quot;" class="Tests\Unit\Assertions\AssertTest" classname="Tests.Unit.Assertions.AssertTest" assertions="2" time="0.002075"/>
          <testcase name="`Type Assertions` → `Sad Paths` → rejects invalid integerish values with data set &quot;dataset &quot;A file pointer&quot;&quot;" file="tests/Unit/Assertions/AssertTest.php::`Type Assertions` → `Sad Paths` → rejects invalid integerish values with data set &quot;dataset &quot;A file pointer&quot;&quot;" class="Tests\Unit\Assertions\AssertTest" classname="Tests.Unit.Assertions.AssertTest" assertions="2" time="0.001956"/>
          <testcase name="`Type Assertions` → `Sad Paths` → rejects invalid integerish values with data set &quot;dataset &quot;A float in a string with a leading space&quot;&quot;" file="tests/Unit/Assertions/AssertTest.php::`Type Assertions` → `Sad Paths` → rejects invalid integerish values with data set &quot;dataset &quot;A float in a string with a leading space&quot;&quot;" class="Tests\Unit\Assertions\AssertTest" classname="Tests.Unit.Assertions.AssertTest" assertions="2" time="0.001732"/>
          <testcase name="`Type Assertions` → `Sad Paths` → rejects invalid integerish values with data set &quot;dataset &quot;An integer in a string with a leading space&quot;&quot;" file="tests/Unit/Assertions/AssertTest.php::`Type Assertions` → `Sad Paths` → rejects invalid integerish values with data set &quot;dataset &quot;An integer in a string with a leading space&quot;&quot;" class="Tests\Unit\Assertions\AssertTest" classname="Tests.Unit.Assertions.AssertTest" assertions="2" time="0.001777"/>
          <testcase name="`Type Assertions` → `Sad Paths` → rejects invalid integerish values with data set &quot;dataset &quot;A negative integer in a string with a leading space&quot;&quot;" file="tests/Unit/Assertions/AssertTest.php::`Type Assertions` → `Sad Paths` → rejects invalid integerish values with data set &quot;dataset &quot;A negative integer in a string with a leading space&quot;&quot;" class="Tests\Unit\Assertions\AssertTest" classname="Tests.Unit.Assertions.AssertTest" assertions="2" time="0.002475"/>
          <testcase name="`Type Assertions` → `Sad Paths` → rejects invalid integerish values with data set &quot;dataset &quot;An integer in a string with a trailing space&quot;&quot;" file="tests/Unit/Assertions/AssertTest.php::`Type Assertions` → `Sad Paths` → rejects invalid integerish values with data set &quot;dataset &quot;An integer in a string with a trailing space&quot;&quot;" class="Tests\Unit\Assertions\AssertTest" classname="Tests.Unit.Assertions.AssertTest" assertions="2" time="0.002192"/>
          <testcase name="`Type Assertions` → `Sad Paths` → rejects invalid integerish values with data set &quot;dataset &quot;A negative integer in a string with a trailing space&quot;&quot;" file="tests/Unit/Assertions/AssertTest.php::`Type Assertions` → `Sad Paths` → rejects invalid integerish values with data set &quot;dataset &quot;A negative integer in a string with a trailing space&quot;&quot;" class="Tests\Unit\Assertions\AssertTest" classname="Tests.Unit.Assertions.AssertTest" assertions="2" time="0.001841"/>
          <testcase name="`Type Assertions` → `Sad Paths` → rejects invalid integerish values with data set &quot;dataset &quot;An array&quot;&quot;" file="tests/Unit/Assertions/AssertTest.php::`Type Assertions` → `Sad Paths` → rejects invalid integerish values with data set &quot;dataset &quot;An array&quot;&quot;" class="Tests\Unit\Assertions\AssertTest" classname="Tests.Unit.Assertions.AssertTest" assertions="2" time="0.001883"/>
          <testcase name="`Type Assertions` → `Sad Paths` → rejects invalid integerish values with data set &quot;dataset &quot;An object&quot;&quot;" file="tests/Unit/Assertions/AssertTest.php::`Type Assertions` → `Sad Paths` → rejects invalid integerish values with data set &quot;dataset &quot;An object&quot;&quot;" class="Tests\Unit\Assertions\AssertTest" classname="Tests.Unit.Assertions.AssertTest" assertions="2" time="0.002064"/>
          <testcase name="`Type Assertions` → `Sad Paths` → rejects invalid integerish values with data set &quot;dataset &quot;A float that is less than 1&quot;&quot;" file="tests/Unit/Assertions/AssertTest.php::`Type Assertions` → `Sad Paths` → rejects invalid integerish values with data set &quot;dataset &quot;A float that is less than 1&quot;&quot;" class="Tests\Unit\Assertions\AssertTest" classname="Tests.Unit.Assertions.AssertTest" assertions="2" time="0.002257"/>
          <testcase name="`Type Assertions` → `Sad Paths` → rejects invalid integerish values with data set &quot;dataset &quot;A float that is less than 0.1&quot;&quot;" file="tests/Unit/Assertions/AssertTest.php::`Type Assertions` → `Sad Paths` → rejects invalid integerish values with data set &quot;dataset &quot;A float that is less than 0.1&quot;&quot;" class="Tests\Unit\Assertions\AssertTest" classname="Tests.Unit.Assertions.AssertTest" assertions="2" time="0.002055"/>
          <testcase name="`Type Assertions` → `Sad Paths` → rejects invalid integerish values with data set &quot;dataset &quot;A float that is less than 0.01&quot;&quot;" file="tests/Unit/Assertions/AssertTest.php::`Type Assertions` → `Sad Paths` → rejects invalid integerish values with data set &quot;dataset &quot;A float that is less than 0.01&quot;&quot;" class="Tests\Unit\Assertions\AssertTest" classname="Tests.Unit.Assertions.AssertTest" assertions="2" time="0.002045"/>
          <testcase name="`Type Assertions` → `Sad Paths` → rejects invalid integerish values with data set &quot;dataset &quot;A float in a string that is less than 1&quot;&quot;" file="tests/Unit/Assertions/AssertTest.php::`Type Assertions` → `Sad Paths` → rejects invalid integerish values with data set &quot;dataset &quot;A float in a string that is less than 1&quot;&quot;" class="Tests\Unit\Assertions\AssertTest" classname="Tests.Unit.Assertions.AssertTest" assertions="2" time="0.002047"/>
          <testcase name="`Type Assertions` → `Sad Paths` → rejects invalid integerish values with data set &quot;dataset &quot;A float in a string that is less than 0.1&quot;&quot;" file="tests/Unit/Assertions/AssertTest.php::`Type Assertions` → `Sad Paths` → rejects invalid integerish values with data set &quot;dataset &quot;A float in a string that is less than 0.1&quot;&quot;" class="Tests\Unit\Assertions\AssertTest" classname="Tests.Unit.Assertions.AssertTest" assertions="2" time="0.002315"/>
          <testcase name="`Type Assertions` → `Sad Paths` → rejects invalid integerish values with data set &quot;dataset &quot;A float in a string that is less than 0.01&quot;&quot;" file="tests/Unit/Assertions/AssertTest.php::`Type Assertions` → `Sad Paths` → rejects invalid integerish values with data set &quot;dataset &quot;A float in a string that is less than 0.01&quot;&quot;" class="Tests\Unit\Assertions\AssertTest" classname="Tests.Unit.Assertions.AssertTest" assertions="2" time="0.002164"/>
          <testcase name="`Type Assertions` → `Sad Paths` → rejects invalid integerish values with data set &quot;dataset &quot;An empty string&quot;&quot;" file="tests/Unit/Assertions/AssertTest.php::`Type Assertions` → `Sad Paths` → rejects invalid integerish values with data set &quot;dataset &quot;An empty string&quot;&quot;" class="Tests\Unit\Assertions\AssertTest" classname="Tests.Unit.Assertions.AssertTest" assertions="2" time="0.002257"/>
          <testcase name="`Type Assertions` → `Sad Paths` → rejects invalid integerish values with data set &quot;dataset &quot;A single space string&quot;&quot;" file="tests/Unit/Assertions/AssertTest.php::`Type Assertions` → `Sad Paths` → rejects invalid integerish values with data set &quot;dataset &quot;A single space string&quot;&quot;" class="Tests\Unit\Assertions\AssertTest" classname="Tests.Unit.Assertions.AssertTest" assertions="2" time="0.002209"/>
          <testcase name="`Type Assertions` → `Sad Paths` → rejects invalid integerish values with data set &quot;dataset &quot;A multiple spaced string&quot;&quot;" file="tests/Unit/Assertions/AssertTest.php::`Type Assertions` → `Sad Paths` → rejects invalid integerish values with data set &quot;dataset &quot;A multiple spaced string&quot;&quot;" class="Tests\Unit\Assertions\AssertTest" classname="Tests.Unit.Assertions.AssertTest" assertions="2" time="0.002236"/>
        </testsuite>
        <testcase name="`Type Assertions` → `Sad Paths` → rejects invalid boolean values" file="tests/Unit/Assertions/AssertTest.php::`Type Assertions` → `Sad Paths` → rejects invalid boolean values" class="Tests\Unit\Assertions\AssertTest" classname="Tests.Unit.Assertions.AssertTest" assertions="2" time="0.002280"/>
        <testcase name="`Type Assertions` → `Sad Paths` → rejects invalid scalar values" file="tests/Unit/Assertions/AssertTest.php::`Type Assertions` → `Sad Paths` → rejects invalid scalar values" class="Tests\Unit\Assertions\AssertTest" classname="Tests.Unit.Assertions.AssertTest" assertions="2" time="0.002233"/>
        <testcase name="`Type Assertions` → `Sad Paths` → rejects invalid numeric values" file="tests/Unit/Assertions/AssertTest.php::`Type Assertions` → `Sad Paths` → rejects invalid numeric values" class="Tests\Unit\Assertions\AssertTest" classname="Tests.Unit.Assertions.AssertTest" assertions="2" time="0.002113"/>
        <testcase name="`Type Assertions` → `Sad Paths` → rejects invalid digit values" file="tests/Unit/Assertions/AssertTest.php::`Type Assertions` → `Sad Paths` → rejects invalid digit values" class="Tests\Unit\Assertions\AssertTest" classname="Tests.Unit.Assertions.AssertTest" assertions="2" time="0.002146"/>
        <testcase name="`Type Assertions` → `Sad Paths` → rejects float values with decimal places in digit validation" file="tests/Unit/Assertions/AssertTest.php::`Type Assertions` → `Sad Paths` → rejects float values with decimal places in digit validation" class="Tests\Unit\Assertions\AssertTest" classname="Tests.Unit.Assertions.AssertTest" assertions="2" time="0.002420"/>
        <testcase name="`Type Assertions` → `Sad Paths` → rejects object in digit validation" file="tests/Unit/Assertions/AssertTest.php::`Type Assertions` → `Sad Paths` → rejects object in digit validation" class="Tests\Unit\Assertions\AssertTest" classname="Tests.Unit.Assertions.AssertTest" assertions="2" time="0.002223"/>
        <testcase name="`Type Assertions` → `Sad Paths` → rejects array in digit validation" file="tests/Unit/Assertions/AssertTest.php::`Type Assertions` → `Sad Paths` → rejects array in digit validation" class="Tests\Unit\Assertions\AssertTest" classname="Tests.Unit.Assertions.AssertTest" assertions="2" time="0.001910"/>
        <testcase name="`Type Assertions` → `Sad Paths` → rejects resource in digit validation" file="tests/Unit/Assertions/AssertTest.php::`Type Assertions` → `Sad Paths` → rejects resource in digit validation" class="Tests\Unit\Assertions\AssertTest" classname="Tests.Unit.Assertions.AssertTest" assertions="2" time="0.001971"/>
        <testcase name="`Type Assertions` → `Sad Paths` → rejects invalid alphanumeric strings" file="tests/Unit/Assertions/AssertTest.php::`Type Assertions` → `Sad Paths` → rejects invalid alphanumeric strings" class="Tests\Unit\Assertions\AssertTest" classname="Tests.Unit.Assertions.AssertTest" assertions="2" time="0.002003"/>
        <testcase name="`Type Assertions` → `Sad Paths` → rejects non-iterable values" file="tests/Unit/Assertions/AssertTest.php::`Type Assertions` → `Sad Paths` → rejects non-iterable values" class="Tests\Unit\Assertions\AssertTest" classname="Tests.Unit.Assertions.AssertTest" assertions="2" time="0.002049"/>
        <testcase name="`Type Assertions` → `Sad Paths` → rejects objects as iterable" file="tests/Unit/Assertions/AssertTest.php::`Type Assertions` → `Sad Paths` → rejects objects as iterable" class="Tests\Unit\Assertions\AssertTest" classname="Tests.Unit.Assertions.AssertTest" assertions="2" time="0.002384"/>
        <testcase name="`Type Assertions` → `Sad Paths` → rejects primitives as iterable" file="tests/Unit/Assertions/AssertTest.php::`Type Assertions` → `Sad Paths` → rejects primitives as iterable" class="Tests\Unit\Assertions\AssertTest" classname="Tests.Unit.Assertions.AssertTest" assertions="2" time="0.002389"/>
        <testcase name="`Type Assertions` → `Sad Paths` → rejects object not matching any of multiple classes" file="tests/Unit/Assertions/AssertTest.php::`Type Assertions` → `Sad Paths` → rejects object not matching any of multiple classes" class="Tests\Unit\Assertions\AssertTest" classname="Tests.Unit.Assertions.AssertTest" assertions="2" time="0.002149"/>
        <testcase name="`Type Assertions` → `Sad Paths` → rejects string value in isInstanceOfAny" file="tests/Unit/Assertions/AssertTest.php::`Type Assertions` → `Sad Paths` → rejects string value in isInstanceOfAny" class="Tests\Unit\Assertions\AssertTest" classname="Tests.Unit.Assertions.AssertTest" assertions="2" time="0.002131"/>
        <testcase name="`Type Assertions` → `Sad Paths` → rejects primitive value in isInstanceOfAny" file="tests/Unit/Assertions/AssertTest.php::`Type Assertions` → `Sad Paths` → rejects primitive value in isInstanceOfAny" class="Tests\Unit\Assertions\AssertTest" classname="Tests.Unit.Assertions.AssertTest" assertions="2" time="0.002226"/>
        <testcase name="`Type Assertions` → `Sad Paths` → rejects object not matching any class with isAnyOf" file="tests/Unit/Assertions/AssertTest.php::`Type Assertions` → `Sad Paths` → rejects object not matching any class with isAnyOf" class="Tests\Unit\Assertions\AssertTest" classname="Tests.Unit.Assertions.AssertTest" assertions="2" time="0.002195"/>
        <testcase name="`Type Assertions` → `Sad Paths` → rejects class string not matching any class with isAnyOf" file="tests/Unit/Assertions/AssertTest.php::`Type Assertions` → `Sad Paths` → rejects class string not matching any class with isAnyOf" class="Tests\Unit\Assertions\AssertTest" classname="Tests.Unit.Assertions.AssertTest" assertions="2" time="0.002187"/>
        <testcase name="`Type Assertions` → `Sad Paths` → rejects primitive value in isAnyOf" file="tests/Unit/Assertions/AssertTest.php::`Type Assertions` → `Sad Paths` → rejects primitive value in isAnyOf" class="Tests\Unit\Assertions\AssertTest" classname="Tests.Unit.Assertions.AssertTest" assertions="2" time="0.002193"/>
        <testcase name="`Type Assertions` → `Sad Paths` → rejects object matching the specified class with isNotA" file="tests/Unit/Assertions/AssertTest.php::`Type Assertions` → `Sad Paths` → rejects object matching the specified class with isNotA" class="Tests\Unit\Assertions\AssertTest" classname="Tests.Unit.Assertions.AssertTest" assertions="2" time="0.002231"/>
        <testcase name="`Type Assertions` → `Sad Paths` → rejects class string matching the specified class with isNotA" file="tests/Unit/Assertions/AssertTest.php::`Type Assertions` → `Sad Paths` → rejects class string matching the specified class with isNotA" class="Tests\Unit\Assertions\AssertTest" classname="Tests.Unit.Assertions.AssertTest" assertions="2" time="0.002212"/>
        <testcase name="`Type Assertions` → `Sad Paths` → rejects object in inheritance chain with isNotA" file="tests/Unit/Assertions/AssertTest.php::`Type Assertions` → `Sad Paths` → rejects object in inheritance chain with isNotA" class="Tests\Unit\Assertions\AssertTest" classname="Tests.Unit.Assertions.AssertTest" assertions="2" time="0.003945"/>
        <testcase name="`Type Assertions` → `Sad Paths` → rejects class string in inheritance chain with isNotA" file="tests/Unit/Assertions/AssertTest.php::`Type Assertions` → `Sad Paths` → rejects class string in inheritance chain with isNotA" class="Tests\Unit\Assertions\AssertTest" classname="Tests.Unit.Assertions.AssertTest" assertions="2" time="0.002643"/>
        <testcase name="`Empty and Null Assertions` → `Happy Paths` → accepts non-empty values" file="tests/Unit/Assertions/AssertTest.php::`Empty and Null Assertions` → `Happy Paths` → accepts non-empty values" class="Tests\Unit\Assertions\AssertTest" classname="Tests.Unit.Assertions.AssertTest" assertions="4" time="0.002615"/>
        <testcase name="`Empty and Null Assertions` → `Happy Paths` → accepts empty values" file="tests/Unit/Assertions/AssertTest.php::`Empty and Null Assertions` → `Happy Paths` → accepts empty values" class="Tests\Unit\Assertions\AssertTest" classname="Tests.Unit.Assertions.AssertTest" assertions="4" time="0.002648"/>
        <testcase name="`Empty and Null Assertions` → `Happy Paths` → accepts null values" file="tests/Unit/Assertions/AssertTest.php::`Empty and Null Assertions` → `Happy Paths` → accepts null values" class="Tests\Unit\Assertions\AssertTest" classname="Tests.Unit.Assertions.AssertTest" assertions="1" time="0.002633"/>
        <testcase name="`Empty and Null Assertions` → `Happy Paths` → accepts not null values" file="tests/Unit/Assertions/AssertTest.php::`Empty and Null Assertions` → `Happy Paths` → accepts not null values" class="Tests\Unit\Assertions\AssertTest" classname="Tests.Unit.Assertions.AssertTest" assertions="5" time="0.002337"/>
        <testcase name="`Empty and Null Assertions` → `Happy Paths` → accepts not blank values" file="tests/Unit/Assertions/AssertTest.php::`Empty and Null Assertions` → `Happy Paths` → accepts not blank values" class="Tests\Unit\Assertions\AssertTest" classname="Tests.Unit.Assertions.AssertTest" assertions="1" time="0.002290"/>
        <testsuite name="`Empty and Null Assertions` → `Sad Paths` → rejects empty values when not empty expe" tests="5" assertions="10" errors="0" failures="0" skipped="0" time="0.012102">
          <testcase name="`Empty and Null Assertions` → `Sad Paths` → rejects empty values when not empty expected with data set &quot;('')&quot;" file="tests/Unit/Assertions/AssertTest.php::`Empty and Null Assertions` → `Sad Paths` → rejects empty values when not empty expected with data set &quot;('')&quot;" class="Tests\Unit\Assertions\AssertTest" classname="Tests.Unit.Assertions.AssertTest" assertions="2" time="0.002410"/>
          <testcase name="`Empty and Null Assertions` → `Sad Paths` → rejects empty values when not empty expected with data set &quot;(false)&quot;" file="tests/Unit/Assertions/AssertTest.php::`Empty and Null Assertions` → `Sad Paths` → rejects empty values when not empty expected with data set &quot;(false)&quot;" class="Tests\Unit\Assertions\AssertTest" classname="Tests.Unit.Assertions.AssertTest" assertions="2" time="0.002416"/>
          <testcase name="`Empty and Null Assertions` → `Sad Paths` → rejects empty values when not empty expected with data set &quot;(0)&quot;" file="tests/Unit/Assertions/AssertTest.php::`Empty and Null Assertions` → `Sad Paths` → rejects empty values when not empty expected with data set &quot;(0)&quot;" class="Tests\Unit\Assertions\AssertTest" classname="Tests.Unit.Assertions.AssertTest" assertions="2" time="0.002449"/>
          <testcase name="`Empty and Null Assertions` → `Sad Paths` → rejects empty values when not empty expected with data set &quot;(null)&quot;" file="tests/Unit/Assertions/AssertTest.php::`Empty and Null Assertions` → `Sad Paths` → rejects empty values when not empty expected with data set &quot;(null)&quot;" class="Tests\Unit\Assertions\AssertTest" classname="Tests.Unit.Assertions.AssertTest" assertions="2" time="0.002433"/>
          <testcase name="`Empty and Null Assertions` → `Sad Paths` → rejects empty values when not empty expected with data set &quot;([])&quot;" file="tests/Unit/Assertions/AssertTest.php::`Empty and Null Assertions` → `Sad Paths` → rejects empty values when not empty expected with data set &quot;([])&quot;" class="Tests\Unit\Assertions\AssertTest" classname="Tests.Unit.Assertions.AssertTest" assertions="2" time="0.002393"/>
        </testsuite>
        <testsuite name="`Empty and Null Assertions` → `Sad Paths` → rejects non-empty values when empty expe" tests="5" assertions="10" errors="0" failures="0" skipped="0" time="0.012219">
          <testcase name="`Empty and Null Assertions` → `Sad Paths` → rejects non-empty values when empty expected with data set &quot;('foo')&quot;" file="tests/Unit/Assertions/AssertTest.php::`Empty and Null Assertions` → `Sad Paths` → rejects non-empty values when empty expected with data set &quot;('foo')&quot;" class="Tests\Unit\Assertions\AssertTest" classname="Tests.Unit.Assertions.AssertTest" assertions="2" time="0.002439"/>
          <testcase name="`Empty and Null Assertions` → `Sad Paths` → rejects non-empty values when empty expected with data set &quot;(true)&quot;" file="tests/Unit/Assertions/AssertTest.php::`Empty and Null Assertions` → `Sad Paths` → rejects non-empty values when empty expected with data set &quot;(true)&quot;" class="Tests\Unit\Assertions\AssertTest" classname="Tests.Unit.Assertions.AssertTest" assertions="2" time="0.002384"/>
          <testcase name="`Empty and Null Assertions` → `Sad Paths` → rejects non-empty values when empty expected with data set &quot;(12)&quot;" file="tests/Unit/Assertions/AssertTest.php::`Empty and Null Assertions` → `Sad Paths` → rejects non-empty values when empty expected with data set &quot;(12)&quot;" class="Tests\Unit\Assertions\AssertTest" classname="Tests.Unit.Assertions.AssertTest" assertions="2" time="0.002377"/>
          <testcase name="`Empty and Null Assertions` → `Sad Paths` → rejects non-empty values when empty expected with data set &quot;(['foo'])&quot;" file="tests/Unit/Assertions/AssertTest.php::`Empty and Null Assertions` → `Sad Paths` → rejects non-empty values when empty expected with data set &quot;(['foo'])&quot;" class="Tests\Unit\Assertions\AssertTest" classname="Tests.Unit.Assertions.AssertTest" assertions="2" time="0.002468"/>
          <testcase name="`Empty and Null Assertions` → `Sad Paths` → rejects non-empty values when empty expected with data set &quot;(stdClass Object ())&quot;" file="tests/Unit/Assertions/AssertTest.php::`Empty and Null Assertions` → `Sad Paths` → rejects non-empty values when empty expected with data set &quot;(stdClass Object ())&quot;" class="Tests\Unit\Assertions\AssertTest" classname="Tests.Unit.Assertions.AssertTest" assertions="2" time="0.002551"/>
        </testsuite>
        <testsuite name="`Empty and Null Assertions` → `Sad Paths` → rejects non-null values when null expe" tests="6" assertions="12" errors="0" failures="0" skipped="0" time="0.014718">
          <testcase name="`Empty and Null Assertions` → `Sad Paths` → rejects non-null values when null expected with data set &quot;('foo')&quot;" file="tests/Unit/Assertions/AssertTest.php::`Empty and Null Assertions` → `Sad Paths` → rejects non-null values when null expected with data set &quot;('foo')&quot;" class="Tests\Unit\Assertions\AssertTest" classname="Tests.Unit.Assertions.AssertTest" assertions="2" time="0.002410"/>
          <testcase name="`Empty and Null Assertions` → `Sad Paths` → rejects non-null values when null expected with data set &quot;('')&quot;" file="tests/Unit/Assertions/AssertTest.php::`Empty and Null Assertions` → `Sad Paths` → rejects non-null values when null expected with data set &quot;('')&quot;" class="Tests\Unit\Assertions\AssertTest" classname="Tests.Unit.Assertions.AssertTest" assertions="2" time="0.002412"/>
          <testcase name="`Empty and Null Assertions` → `Sad Paths` → rejects non-null values when null expected with data set &quot;(false)&quot;" file="tests/Unit/Assertions/AssertTest.php::`Empty and Null Assertions` → `Sad Paths` → rejects non-null values when null expected with data set &quot;(false)&quot;" class="Tests\Unit\Assertions\AssertTest" classname="Tests.Unit.Assertions.AssertTest" assertions="2" time="0.002485"/>
          <testcase name="`Empty and Null Assertions` → `Sad Paths` → rejects non-null values when null expected with data set &quot;(12)&quot;" file="tests/Unit/Assertions/AssertTest.php::`Empty and Null Assertions` → `Sad Paths` → rejects non-null values when null expected with data set &quot;(12)&quot;" class="Tests\Unit\Assertions\AssertTest" classname="Tests.Unit.Assertions.AssertTest" assertions="2" time="0.002461"/>
          <testcase name="`Empty and Null Assertions` → `Sad Paths` → rejects non-null values when null expected with data set &quot;(0)&quot;" file="tests/Unit/Assertions/AssertTest.php::`Empty and Null Assertions` → `Sad Paths` → rejects non-null values when null expected with data set &quot;(0)&quot;" class="Tests\Unit\Assertions\AssertTest" classname="Tests.Unit.Assertions.AssertTest" assertions="2" time="0.002447"/>
          <testcase name="`Empty and Null Assertions` → `Sad Paths` → rejects non-null values when null expected with data set &quot;([])&quot;" file="tests/Unit/Assertions/AssertTest.php::`Empty and Null Assertions` → `Sad Paths` → rejects non-null values when null expected with data set &quot;([])&quot;" class="Tests\Unit\Assertions\AssertTest" classname="Tests.Unit.Assertions.AssertTest" assertions="2" time="0.002502"/>
        </testsuite>
        <testcase name="`Empty and Null Assertions` → `Sad Paths` → rejects null values when not null expected" file="tests/Unit/Assertions/AssertTest.php::`Empty and Null Assertions` → `Sad Paths` → rejects null values when not null expected" class="Tests\Unit\Assertions\AssertTest" classname="Tests.Unit.Assertions.AssertTest" assertions="2" time="0.002657"/>
        <testsuite name="`Empty and Null Assertions` → `Sad Paths` → rejects blank values when not blank expe" tests="8" assertions="16" errors="0" failures="0" skipped="0" time="0.020957">
          <testcase name="`Empty and Null Assertions` → `Sad Paths` → rejects blank values when not blank expected with data set &quot;('') #1&quot;" file="tests/Unit/Assertions/AssertTest.php::`Empty and Null Assertions` → `Sad Paths` → rejects blank values when not blank expected with data set &quot;('') #1&quot;" class="Tests\Unit\Assertions\AssertTest" classname="Tests.Unit.Assertions.AssertTest" assertions="2" time="0.002698"/>
          <testcase name="`Empty and Null Assertions` → `Sad Paths` → rejects blank values when not blank expected with data set &quot;(' ')&quot;" file="tests/Unit/Assertions/AssertTest.php::`Empty and Null Assertions` → `Sad Paths` → rejects blank values when not blank expected with data set &quot;(' ')&quot;" class="Tests\Unit\Assertions\AssertTest" classname="Tests.Unit.Assertions.AssertTest" assertions="2" time="0.002597"/>
          <testcase name="`Empty and Null Assertions` → `Sad Paths` → rejects blank values when not blank expected with data set &quot;('&#9;')&quot;" file="tests/Unit/Assertions/AssertTest.php::`Empty and Null Assertions` → `Sad Paths` → rejects blank values when not blank expected with data set &quot;('&#9;')&quot;" class="Tests\Unit\Assertions\AssertTest" classname="Tests.Unit.Assertions.AssertTest" assertions="2" time="0.002549"/>
          <testcase name="`Empty and Null Assertions` → `Sad Paths` → rejects blank values when not blank expected with data set &quot;('') #2&quot;" file="tests/Unit/Assertions/AssertTest.php::`Empty and Null Assertions` → `Sad Paths` → rejects blank values when not blank expected with data set &quot;('') #2&quot;" class="Tests\Unit\Assertions\AssertTest" classname="Tests.Unit.Assertions.AssertTest" assertions="2" time="0.002543"/>
          <testcase name="`Empty and Null Assertions` → `Sad Paths` → rejects blank values when not blank expected with data set &quot;('\r')&quot;" file="tests/Unit/Assertions/AssertTest.php::`Empty and Null Assertions` → `Sad Paths` → rejects blank values when not blank expected with data set &quot;('\r')&quot;" class="Tests\Unit\Assertions\AssertTest" classname="Tests.Unit.Assertions.AssertTest" assertions="2" time="0.002583"/>
          <testcase name="`Empty and Null Assertions` → `Sad Paths` → rejects blank values when not blank expected with data set &quot;(false)&quot;" file="tests/Unit/Assertions/AssertTest.php::`Empty and Null Assertions` → `Sad Paths` → rejects blank values when not blank expected with data set &quot;(false)&quot;" class="Tests\Unit\Assertions\AssertTest" classname="Tests.Unit.Assertions.AssertTest" assertions="2" time="0.002582"/>
          <testcase name="`Empty and Null Assertions` → `Sad Paths` → rejects blank values when not blank expected with data set &quot;(null)&quot;" file="tests/Unit/Assertions/AssertTest.php::`Empty and Null Assertions` → `Sad Paths` → rejects blank values when not blank expected with data set &quot;(null)&quot;" class="Tests\Unit\Assertions\AssertTest" classname="Tests.Unit.Assertions.AssertTest" assertions="2" time="0.002650"/>
          <testcase name="`Empty and Null Assertions` → `Sad Paths` → rejects blank values when not blank expected with data set &quot;([])&quot;" file="tests/Unit/Assertions/AssertTest.php::`Empty and Null Assertions` → `Sad Paths` → rejects blank values when not blank expected with data set &quot;([])&quot;" class="Tests\Unit\Assertions\AssertTest" classname="Tests.Unit.Assertions.AssertTest" assertions="2" time="0.002756"/>
        </testsuite>
        <testcase name="`String Assertions` → `Happy Paths` → accepts valid strings" file="tests/Unit/Assertions/AssertTest.php::`String Assertions` → `Happy Paths` → accepts valid strings" class="Tests\Unit\Assertions\AssertTest" classname="Tests.Unit.Assertions.AssertTest" assertions="2" time="0.002710"/>
        <testcase name="`String Assertions` → `Happy Paths` → matches valid regex patterns" file="tests/Unit/Assertions/AssertTest.php::`String Assertions` → `Happy Paths` → matches valid regex patterns" class="Tests\Unit\Assertions\AssertTest" classname="Tests.Unit.Assertions.AssertTest" assertions="1" time="0.002626"/>
        <testcase name="`String Assertions` → `Happy Paths` → accepts strings not matching regex" file="tests/Unit/Assertions/AssertTest.php::`String Assertions` → `Happy Paths` → accepts strings not matching regex" class="Tests\Unit\Assertions\AssertTest" classname="Tests.Unit.Assertions.AssertTest" assertions="1" time="0.002746"/>
        <testcase name="`String Assertions` → `Happy Paths` → validates minimum string length" file="tests/Unit/Assertions/AssertTest.php::`String Assertions` → `Happy Paths` → validates minimum string length" class="Tests\Unit\Assertions\AssertTest" classname="Tests.Unit.Assertions.AssertTest" assertions="5" time="0.002881"/>
        <testcase name="`String Assertions` → `Happy Paths` → validates maximum string length" file="tests/Unit/Assertions/AssertTest.php::`String Assertions` → `Happy Paths` → validates maximum string length" class="Tests\Unit\Assertions\AssertTest" classname="Tests.Unit.Assertions.AssertTest" assertions="4" time="0.002599"/>
        <testcase name="`String Assertions` → `Happy Paths` → validates string length between bounds" file="tests/Unit/Assertions/AssertTest.php::`String Assertions` → `Happy Paths` → validates string length between bounds" class="Tests\Unit\Assertions\AssertTest" classname="Tests.Unit.Assertions.AssertTest" assertions="2" time="0.002604"/>
        <testcase name="`String Assertions` → `Happy Paths` → validates string starts with prefix" file="tests/Unit/Assertions/AssertTest.php::`String Assertions` → `Happy Paths` → validates string starts with prefix" class="Tests\Unit\Assertions\AssertTest" classname="Tests.Unit.Assertions.AssertTest" assertions="4" time="0.002616"/>
        <testcase name="`String Assertions` → `Happy Paths` → validates string ends with suffix" file="tests/Unit/Assertions/AssertTest.php::`String Assertions` → `Happy Paths` → validates string ends with suffix" class="Tests\Unit\Assertions\AssertTest" classname="Tests.Unit.Assertions.AssertTest" assertions="4" time="0.002765"/>
        <testcase name="`String Assertions` → `Happy Paths` → validates string contains substring" file="tests/Unit/Assertions/AssertTest.php::`String Assertions` → `Happy Paths` → validates string contains substring" class="Tests\Unit\Assertions\AssertTest" classname="Tests.Unit.Assertions.AssertTest" assertions="2" time="0.002745"/>
        <testcase name="`String Assertions` → `Happy Paths` → validates string does not contain substring" file="tests/Unit/Assertions/AssertTest.php::`String Assertions` → `Happy Paths` → validates string does not contain substring" class="Tests\Unit\Assertions\AssertTest" classname="Tests.Unit.Assertions.AssertTest" assertions="2" time="0.002770"/>
        <testcase name="`String Assertions` → `Happy Paths` → validates exact string length" file="tests/Unit/Assertions/AssertTest.php::`String Assertions` → `Happy Paths` → validates exact string length" class="Tests\Unit\Assertions\AssertTest" classname="Tests.Unit.Assertions.AssertTest" assertions="2" time="0.002878"/>
        <testsuite name="`String Assertions` → `Happy Paths` → validates exact string length for utf8 charac" tests="2" assertions="2" errors="0" failures="0" skipped="0" time="0.006271">
          <testcase name="`String Assertions` → `Happy Paths` → validates exact string length for utf8 characters with data set &quot;('址', 1)&quot;" file="tests/Unit/Assertions/AssertTest.php::`String Assertions` → `Happy Paths` → validates exact string length for utf8 characters with data set &quot;('址', 1)&quot;" class="Tests\Unit\Assertions\AssertTest" classname="Tests.Unit.Assertions.AssertTest" assertions="1" time="0.003115"/>
          <testcase name="`String Assertions` → `Happy Paths` → validates exact string length for utf8 characters with data set &quot;('ل', 1)&quot;" file="tests/Unit/Assertions/AssertTest.php::`String Assertions` → `Happy Paths` → validates exact string length for utf8 characters with data set &quot;('ل', 1)&quot;" class="Tests\Unit\Assertions\AssertTest" classname="Tests.Unit.Assertions.AssertTest" assertions="1" time="0.003156"/>
        </testsuite>
        <testcase name="`String Assertions` → `Happy Paths` → validates exact string length for given encoding" file="tests/Unit/Assertions/AssertTest.php::`String Assertions` → `Happy Paths` → validates exact string length for given encoding" class="Tests\Unit\Assertions\AssertTest" classname="Tests.Unit.Assertions.AssertTest" assertions="1" time="0.002936"/>
        <testcase name="`String Assertions` → `Happy Paths` → accepts non-empty strings" file="tests/Unit/Assertions/AssertTest.php::`String Assertions` → `Happy Paths` → accepts non-empty strings" class="Tests\Unit\Assertions\AssertTest" classname="Tests.Unit.Assertions.AssertTest" assertions="4" time="0.003034"/>
        <testcase name="`String Assertions` → `Happy Paths` → accepts strings starting with a letter" file="tests/Unit/Assertions/AssertTest.php::`String Assertions` → `Happy Paths` → accepts strings starting with a letter" class="Tests\Unit\Assertions\AssertTest" classname="Tests.Unit.Assertions.AssertTest" assertions="4" time="0.002836"/>
        <testcase name="`String Assertions` → `Happy Paths` → accepts strings with Unicode letters only" file="tests/Unit/Assertions/AssertTest.php::`String Assertions` → `Happy Paths` → accepts strings with Unicode letters only" class="Tests\Unit\Assertions\AssertTest" classname="Tests.Unit.Assertions.AssertTest" assertions="5" time="0.002887"/>
        <testcase name="`String Assertions` → `Happy Paths` → accepts strings with letters only" file="tests/Unit/Assertions/AssertTest.php::`String Assertions` → `Happy Paths` → accepts strings with letters only" class="Tests\Unit\Assertions\AssertTest" classname="Tests.Unit.Assertions.AssertTest" assertions="4" time="0.002813"/>
        <testcase name="`String Assertions` → `Happy Paths` → accepts strings with digits only" file="tests/Unit/Assertions/AssertTest.php::`String Assertions` → `Happy Paths` → accepts strings with digits only" class="Tests\Unit\Assertions\AssertTest" classname="Tests.Unit.Assertions.AssertTest" assertions="4" time="0.002812"/>
        <testcase name="`String Assertions` → `Happy Paths` → accepts lowercase strings" file="tests/Unit/Assertions/AssertTest.php::`String Assertions` → `Happy Paths` → accepts lowercase strings" class="Tests\Unit\Assertions\AssertTest" classname="Tests.Unit.Assertions.AssertTest" assertions="4" time="0.002800"/>
        <testcase name="`String Assertions` → `Happy Paths` → accepts uppercase strings" file="tests/Unit/Assertions/AssertTest.php::`String Assertions` → `Happy Paths` → accepts uppercase strings" class="Tests\Unit\Assertions\AssertTest" classname="Tests.Unit.Assertions.AssertTest" assertions="4" time="0.002864"/>
        <testcase name="`String Assertions` → `Happy Paths` → validates lengthBetween with different ranges" file="tests/Unit/Assertions/AssertTest.php::`String Assertions` → `Happy Paths` → validates lengthBetween with different ranges" class="Tests\Unit\Assertions\AssertTest" classname="Tests.Unit.Assertions.AssertTest" assertions="4" time="0.002854"/>
        <testcase name="`String Assertions` → `Happy Paths` → accepts non-whitespace-only strings" file="tests/Unit/Assertions/AssertTest.php::`String Assertions` → `Happy Paths` → accepts non-whitespace-only strings" class="Tests\Unit\Assertions\AssertTest" classname="Tests.Unit.Assertions.AssertTest" assertions="4" time="0.002853"/>
        <testsuite name="`String Assertions` → `Sad Paths` → rejects invalid string t" tests="6" assertions="12" errors="0" failures="0" skipped="0" time="0.017674">
          <testcase name="`String Assertions` → `Sad Paths` → rejects invalid string types with data set &quot;(1.23)&quot;" file="tests/Unit/Assertions/AssertTest.php::`String Assertions` → `Sad Paths` → rejects invalid string types with data set &quot;(1.23)&quot;" class="Tests\Unit\Assertions\AssertTest" classname="Tests.Unit.Assertions.AssertTest" assertions="2" time="0.002958"/>
          <testcase name="`String Assertions` → `Sad Paths` → rejects invalid string types with data set &quot;(false)&quot;" file="tests/Unit/Assertions/AssertTest.php::`String Assertions` → `Sad Paths` → rejects invalid string types with data set &quot;(false)&quot;" class="Tests\Unit\Assertions\AssertTest" classname="Tests.Unit.Assertions.AssertTest" assertions="2" time="0.002900"/>
          <testcase name="`String Assertions` → `Sad Paths` → rejects invalid string types with data set &quot;(ArrayObject Object ())&quot;" file="tests/Unit/Assertions/AssertTest.php::`String Assertions` → `Sad Paths` → rejects invalid string types with data set &quot;(ArrayObject Object ())&quot;" class="Tests\Unit\Assertions\AssertTest" classname="Tests.Unit.Assertions.AssertTest" assertions="2" time="0.002976"/>
          <testcase name="`String Assertions` → `Sad Paths` → rejects invalid string types with data set &quot;(null)&quot;" file="tests/Unit/Assertions/AssertTest.php::`String Assertions` → `Sad Paths` → rejects invalid string types with data set &quot;(null)&quot;" class="Tests\Unit\Assertions\AssertTest" classname="Tests.Unit.Assertions.AssertTest" assertions="2" time="0.002963"/>
          <testcase name="`String Assertions` → `Sad Paths` → rejects invalid string types with data set &quot;(10)&quot;" file="tests/Unit/Assertions/AssertTest.php::`String Assertions` → `Sad Paths` → rejects invalid string types with data set &quot;(10)&quot;" class="Tests\Unit\Assertions\AssertTest" classname="Tests.Unit.Assertions.AssertTest" assertions="2" time="0.002901"/>
          <testcase name="`String Assertions` → `Sad Paths` → rejects invalid string types with data set &quot;(true)&quot;" file="tests/Unit/Assertions/AssertTest.php::`String Assertions` → `Sad Paths` → rejects invalid string types with data set &quot;(true)&quot;" class="Tests\Unit\Assertions\AssertTest" classname="Tests.Unit.Assertions.AssertTest" assertions="2" time="0.002976"/>
        </testsuite>
        <testcase name="`String Assertions` → `Sad Paths` → rejects invalid regex patterns" file="tests/Unit/Assertions/AssertTest.php::`String Assertions` → `Sad Paths` → rejects invalid regex patterns" class="Tests\Unit\Assertions\AssertTest" classname="Tests.Unit.Assertions.AssertTest" assertions="2" time="0.002909"/>
        <testcase name="`String Assertions` → `Sad Paths` → rejects non-string values in regex validation" file="tests/Unit/Assertions/AssertTest.php::`String Assertions` → `Sad Paths` → rejects non-string values in regex validation" class="Tests\Unit\Assertions\AssertTest" classname="Tests.Unit.Assertions.AssertTest" assertions="2" time="0.003011"/>
        <testcase name="`String Assertions` → `Sad Paths` → rejects strings matching regex when not expected" file="tests/Unit/Assertions/AssertTest.php::`String Assertions` → `Sad Paths` → rejects strings matching regex when not expected" class="Tests\Unit\Assertions\AssertTest" classname="Tests.Unit.Assertions.AssertTest" assertions="2" time="0.002997"/>
        <testcase name="`String Assertions` → `Sad Paths` → rejects strings shorter than minimum length" file="tests/Unit/Assertions/AssertTest.php::`String Assertions` → `Sad Paths` → rejects strings shorter than minimum length" class="Tests\Unit\Assertions\AssertTest" classname="Tests.Unit.Assertions.AssertTest" assertions="2" time="0.002909"/>
        <testcase name="`String Assertions` → `Sad Paths` → rejects strings longer than maximum length" file="tests/Unit/Assertions/AssertTest.php::`String Assertions` → `Sad Paths` → rejects strings longer than maximum length" class="Tests\Unit\Assertions\AssertTest" classname="Tests.Unit.Assertions.AssertTest" assertions="2" time="0.003021"/>
        <testcase name="`String Assertions` → `Sad Paths` → rejects strings shorter than minimum betweenLength bound" file="tests/Unit/Assertions/AssertTest.php::`String Assertions` → `Sad Paths` → rejects strings shorter than minimum betweenLength bound" class="Tests\Unit\Assertions\AssertTest" classname="Tests.Unit.Assertions.AssertTest" assertions="2" time="0.002962"/>
        <testcase name="`String Assertions` → `Sad Paths` → rejects strings longer than maximum betweenLength bound" file="tests/Unit/Assertions/AssertTest.php::`String Assertions` → `Sad Paths` → rejects strings longer than maximum betweenLength bound" class="Tests\Unit\Assertions\AssertTest" classname="Tests.Unit.Assertions.AssertTest" assertions="2" time="0.002962"/>
        <testcase name="`String Assertions` → `Sad Paths` → rejects strings not starting with expected prefix" file="tests/Unit/Assertions/AssertTest.php::`String Assertions` → `Sad Paths` → rejects strings not starting with expected prefix" class="Tests\Unit\Assertions\AssertTest" classname="Tests.Unit.Assertions.AssertTest" assertions="2" time="0.003040"/>
        <testcase name="`String Assertions` → `Sad Paths` → rejects strings not ending with expected suffix" file="tests/Unit/Assertions/AssertTest.php::`String Assertions` → `Sad Paths` → rejects strings not ending with expected suffix" class="Tests\Unit\Assertions\AssertTest" classname="Tests.Unit.Assertions.AssertTest" assertions="2" time="0.003092"/>
        <testcase name="`String Assertions` → `Sad Paths` → rejects strings not containing expected substring" file="tests/Unit/Assertions/AssertTest.php::`String Assertions` → `Sad Paths` → rejects strings not containing expected substring" class="Tests\Unit\Assertions\AssertTest" classname="Tests.Unit.Assertions.AssertTest" assertions="2" time="0.003152"/>
        <testcase name="`String Assertions` → `Sad Paths` → rejects strings containing unexpected substring" file="tests/Unit/Assertions/AssertTest.php::`String Assertions` → `Sad Paths` → rejects strings containing unexpected substring" class="Tests\Unit\Assertions\AssertTest" classname="Tests.Unit.Assertions.AssertTest" assertions="2" time="0.003111"/>
        <testcase name="`String Assertions` → `Sad Paths` → rejects strings with incorrect length" file="tests/Unit/Assertions/AssertTest.php::`String Assertions` → `Sad Paths` → rejects strings with incorrect length" class="Tests\Unit\Assertions\AssertTest" classname="Tests.Unit.Assertions.AssertTest" assertions="2" time="0.003027"/>
        <testcase name="`String Assertions` → `Sad Paths` → rejects empty strings in stringNotEmpty" file="tests/Unit/Assertions/AssertTest.php::`String Assertions` → `Sad Paths` → rejects empty strings in stringNotEmpty" class="Tests\Unit\Assertions\AssertTest" classname="Tests.Unit.Assertions.AssertTest" assertions="2" time="0.003089"/>
        <testcase name="`String Assertions` → `Sad Paths` → rejects strings not starting with a letter" file="tests/Unit/Assertions/AssertTest.php::`String Assertions` → `Sad Paths` → rejects strings not starting with a letter" class="Tests\Unit\Assertions\AssertTest" classname="Tests.Unit.Assertions.AssertTest" assertions="2" time="0.003073"/>
        <testcase name="`String Assertions` → `Sad Paths` → rejects empty strings in startsWithLetter" file="tests/Unit/Assertions/AssertTest.php::`String Assertions` → `Sad Paths` → rejects empty strings in startsWithLetter" class="Tests\Unit\Assertions\AssertTest" classname="Tests.Unit.Assertions.AssertTest" assertions="2" time="0.003156"/>
        <testcase name="`String Assertions` → `Sad Paths` → rejects strings with special characters in startsWithLetter" file="tests/Unit/Assertions/AssertTest.php::`String Assertions` → `Sad Paths` → rejects strings with special characters in startsWithLetter" class="Tests\Unit\Assertions\AssertTest" classname="Tests.Unit.Assertions.AssertTest" assertions="2" time="0.003168"/>
        <testcase name="`String Assertions` → `Sad Paths` → rejects strings with numbers in unicodeLetters" file="tests/Unit/Assertions/AssertTest.php::`String Assertions` → `Sad Paths` → rejects strings with numbers in unicodeLetters" class="Tests\Unit\Assertions\AssertTest" classname="Tests.Unit.Assertions.AssertTest" assertions="2" time="0.003131"/>
        <testcase name="`String Assertions` → `Sad Paths` → rejects strings with spaces in unicodeLetters" file="tests/Unit/Assertions/AssertTest.php::`String Assertions` → `Sad Paths` → rejects strings with spaces in unicodeLetters" class="Tests\Unit\Assertions\AssertTest" classname="Tests.Unit.Assertions.AssertTest" assertions="2" time="0.003075"/>
        <testcase name="`String Assertions` → `Sad Paths` → rejects empty strings in unicodeLetters" file="tests/Unit/Assertions/AssertTest.php::`String Assertions` → `Sad Paths` → rejects empty strings in unicodeLetters" class="Tests\Unit\Assertions\AssertTest" classname="Tests.Unit.Assertions.AssertTest" assertions="2" time="0.003106"/>
        <testcase name="`String Assertions` → `Sad Paths` → rejects strings with numbers in alpha" file="tests/Unit/Assertions/AssertTest.php::`String Assertions` → `Sad Paths` → rejects strings with numbers in alpha" class="Tests\Unit\Assertions\AssertTest" classname="Tests.Unit.Assertions.AssertTest" assertions="2" time="0.003281"/>
        <testcase name="`String Assertions` → `Sad Paths` → rejects strings with spaces in alpha" file="tests/Unit/Assertions/AssertTest.php::`String Assertions` → `Sad Paths` → rejects strings with spaces in alpha" class="Tests\Unit\Assertions\AssertTest" classname="Tests.Unit.Assertions.AssertTest" assertions="2" time="0.003134"/>
        <testcase name="`String Assertions` → `Sad Paths` → rejects empty strings in alpha" file="tests/Unit/Assertions/AssertTest.php::`String Assertions` → `Sad Paths` → rejects empty strings in alpha" class="Tests\Unit\Assertions\AssertTest" classname="Tests.Unit.Assertions.AssertTest" assertions="2" time="0.003200"/>
        <testcase name="`String Assertions` → `Sad Paths` → rejects strings with letters in digits" file="tests/Unit/Assertions/AssertTest.php::`String Assertions` → `Sad Paths` → rejects strings with letters in digits" class="Tests\Unit\Assertions\AssertTest" classname="Tests.Unit.Assertions.AssertTest" assertions="2" time="0.003209"/>
        <testcase name="`String Assertions` → `Sad Paths` → rejects empty strings in digits" file="tests/Unit/Assertions/AssertTest.php::`String Assertions` → `Sad Paths` → rejects empty strings in digits" class="Tests\Unit\Assertions\AssertTest" classname="Tests.Unit.Assertions.AssertTest" assertions="2" time="0.003197"/>
        <testcase name="`String Assertions` → `Sad Paths` → rejects uppercase characters in lower" file="tests/Unit/Assertions/AssertTest.php::`String Assertions` → `Sad Paths` → rejects uppercase characters in lower" class="Tests\Unit\Assertions\AssertTest" classname="Tests.Unit.Assertions.AssertTest" assertions="2" time="0.003232"/>
        <testcase name="`String Assertions` → `Sad Paths` → rejects mixed case in lower" file="tests/Unit/Assertions/AssertTest.php::`String Assertions` → `Sad Paths` → rejects mixed case in lower" class="Tests\Unit\Assertions\AssertTest" classname="Tests.Unit.Assertions.AssertTest" assertions="2" time="0.003273"/>
        <testcase name="`String Assertions` → `Sad Paths` → rejects lowercase characters in upper" file="tests/Unit/Assertions/AssertTest.php::`String Assertions` → `Sad Paths` → rejects lowercase characters in upper" class="Tests\Unit\Assertions\AssertTest" classname="Tests.Unit.Assertions.AssertTest" assertions="2" time="0.003370"/>
        <testcase name="`String Assertions` → `Sad Paths` → rejects mixed case in upper" file="tests/Unit/Assertions/AssertTest.php::`String Assertions` → `Sad Paths` → rejects mixed case in upper" class="Tests\Unit\Assertions\AssertTest" classname="Tests.Unit.Assertions.AssertTest" assertions="2" time="0.003285"/>
        <testcase name="`String Assertions` → `Sad Paths` → rejects strings shorter than minimum in lengthBetween" file="tests/Unit/Assertions/AssertTest.php::`String Assertions` → `Sad Paths` → rejects strings shorter than minimum in lengthBetween" class="Tests\Unit\Assertions\AssertTest" classname="Tests.Unit.Assertions.AssertTest" assertions="2" time="0.003278"/>
        <testcase name="`String Assertions` → `Sad Paths` → rejects strings longer than maximum in lengthBetween" file="tests/Unit/Assertions/AssertTest.php::`String Assertions` → `Sad Paths` → rejects strings longer than maximum in lengthBetween" class="Tests\Unit\Assertions\AssertTest" classname="Tests.Unit.Assertions.AssertTest" assertions="2" time="0.003316"/>
        <testcase name="`String Assertions` → `Sad Paths` → rejects whitespace-only strings" file="tests/Unit/Assertions/AssertTest.php::`String Assertions` → `Sad Paths` → rejects whitespace-only strings" class="Tests\Unit\Assertions\AssertTest" classname="Tests.Unit.Assertions.AssertTest" assertions="2" time="0.003360"/>
        <testcase name="`String Assertions` → `Sad Paths` → rejects empty strings in notWhitespaceOnly" file="tests/Unit/Assertions/AssertTest.php::`String Assertions` → `Sad Paths` → rejects empty strings in notWhitespaceOnly" class="Tests\Unit\Assertions\AssertTest" classname="Tests.Unit.Assertions.AssertTest" assertions="2" time="0.003396"/>
        <testcase name="`String Assertions` → `Sad Paths` → rejects tab-only strings in notWhitespaceOnly" file="tests/Unit/Assertions/AssertTest.php::`String Assertions` → `Sad Paths` → rejects tab-only strings in notWhitespaceOnly" class="Tests\Unit\Assertions\AssertTest" classname="Tests.Unit.Assertions.AssertTest" assertions="2" time="0.003368"/>
        <testcase name="`String Assertions` → `Sad Paths` → rejects newline-only strings in notWhitespaceOnly" file="tests/Unit/Assertions/AssertTest.php::`String Assertions` → `Sad Paths` → rejects newline-only strings in notWhitespaceOnly" class="Tests\Unit\Assertions\AssertTest" classname="Tests.Unit.Assertions.AssertTest" assertions="2" time="0.003349"/>
        <testcase name="`String Assertions` → `Edge Cases` → rejects startsWith with wrong encoding" file="tests/Unit/Assertions/AssertTest.php::`String Assertions` → `Edge Cases` → rejects startsWith with wrong encoding" class="Tests\Unit\Assertions\AssertTest" classname="Tests.Unit.Assertions.AssertTest" assertions="2" time="0.003392"/>
        <testcase name="`String Assertions` → `Edge Cases` → rejects endsWith with wrong encoding" file="tests/Unit/Assertions/AssertTest.php::`String Assertions` → `Edge Cases` → rejects endsWith with wrong encoding" class="Tests\Unit\Assertions\AssertTest" classname="Tests.Unit.Assertions.AssertTest" assertions="2" time="0.003510"/>
        <testcase name="`String Assertions` → `Edge Cases` → rejects length validation with wrong encoding" file="tests/Unit/Assertions/AssertTest.php::`String Assertions` → `Edge Cases` → rejects length validation with wrong encoding" class="Tests\Unit\Assertions\AssertTest" classname="Tests.Unit.Assertions.AssertTest" assertions="2" time="0.003342"/>
        <testcase name="`Array Assertions` → `Happy Paths` → accepts valid arrays" file="tests/Unit/Assertions/AssertTest.php::`Array Assertions` → `Happy Paths` → accepts valid arrays" class="Tests\Unit\Assertions\AssertTest" classname="Tests.Unit.Assertions.AssertTest" assertions="3" time="0.003359"/>
        <testcase name="`Array Assertions` → `Happy Paths` → validates key exists in array" file="tests/Unit/Assertions/AssertTest.php::`Array Assertions` → `Happy Paths` → validates key exists in array" class="Tests\Unit\Assertions\AssertTest" classname="Tests.Unit.Assertions.AssertTest" assertions="1" time="0.003348"/>
        <testcase name="`Array Assertions` → `Happy Paths` → validates key does not exist in array" file="tests/Unit/Assertions/AssertTest.php::`Array Assertions` → `Happy Paths` → validates key does not exist in array" class="Tests\Unit\Assertions\AssertTest" classname="Tests.Unit.Assertions.AssertTest" assertions="1" time="0.003451"/>
        <testsuite name="`Array Assertions` → `Happy Paths` → validates unique array va" tests="6" assertions="6" errors="0" failures="0" skipped="0" time="0.021110">
[...]
        <testcase name="`String Expectations` → `String Pattern Methods` → toMatch() rejects strings not matching regex" file="tests/Unit/Expectations/StringExpectationsTest.php::`String Expectations` → `String Pattern Methods` → toMatch() rejects strings not matching regex" class="Tests\Unit\Expectations\StringExpectationsTest" classname="Tests.Unit.Expectations.StringExpectationsTest" assertions="1" time="0.001156"/>
        <testcase name="`String Expectations` → `String Pattern Methods` → toHaveLength() accepts strings with exact length" file="tests/Unit/Expectations/StringExpectationsTest.php::`String Expectations` → `String Pattern Methods` → toHaveLength() accepts strings with exact length" class="Tests\Unit\Expectations\StringExpectationsTest" classname="Tests.Unit.Expectations.StringExpectationsTest" assertions="3" time="0.001128"/>
        <testcase name="`String Expectations` → `String Pattern Methods` → toHaveLength() rejects strings with different length" file="tests/Unit/Expectations/StringExpectationsTest.php::`String Expectations` → `String Pattern Methods` → toHaveLength() rejects strings with different length" class="Tests\Unit\Expectations\StringExpectationsTest" classname="Tests.Unit.Expectations.StringExpectationsTest" assertions="1" time="0.001122"/>
        <testcase name="`String Expectations` → `String Pattern Methods` → toContain() accepts strings containing substring" file="tests/Unit/Expectations/StringExpectationsTest.php::`String Expectations` → `String Pattern Methods` → toContain() accepts strings containing substring" class="Tests\Unit\Expectations\StringExpectationsTest" classname="Tests.Unit.Expectations.StringExpectationsTest" assertions="3" time="0.001157"/>
        <testcase name="`String Expectations` → `String Pattern Methods` → toContain() rejects strings not containing substring" file="tests/Unit/Expectations/StringExpectationsTest.php::`String Expectations` → `String Pattern Methods` → toContain() rejects strings not containing substring" class="Tests\Unit\Expectations\StringExpectationsTest" classname="Tests.Unit.Expectations.StringExpectationsTest" assertions="1" time="0.001155"/>
        <testcase name="`String Expectations` → `Negation with String Methods` → not-&gt;toStartWith() accepts strings without prefix" file="tests/Unit/Expectations/StringExpectationsTest.php::`String Expectations` → `Negation with String Methods` → not-&gt;toStartWith() accepts strings without prefix" class="Tests\Unit\Expectations\StringExpectationsTest" classname="Tests.Unit.Expectations.StringExpectationsTest" assertions="2" time="0.001152"/>
        <testcase name="`String Expectations` → `Negation with String Methods` → not-&gt;toEndWith() accepts strings without suffix" file="tests/Unit/Expectations/StringExpectationsTest.php::`String Expectations` → `Negation with String Methods` → not-&gt;toEndWith() accepts strings without suffix" class="Tests\Unit\Expectations\StringExpectationsTest" classname="Tests.Unit.Expectations.StringExpectationsTest" assertions="2" time="0.001210"/>
        <testcase name="`String Expectations` → `Negation with String Methods` → not-&gt;toMatch() accepts strings not matching regex" file="tests/Unit/Expectations/StringExpectationsTest.php::`String Expectations` → `Negation with String Methods` → not-&gt;toMatch() accepts strings not matching regex" class="Tests\Unit\Expectations\StringExpectationsTest" classname="Tests.Unit.Expectations.StringExpectationsTest" assertions="1" time="0.001263"/>
        <testcase name="`String Expectations` → `Negation with String Methods` → not-&gt;toContain() accepts strings without substring" file="tests/Unit/Expectations/StringExpectationsTest.php::`String Expectations` → `Negation with String Methods` → not-&gt;toContain() accepts strings without substring" class="Tests\Unit\Expectations\StringExpectationsTest" classname="Tests.Unit.Expectations.StringExpectationsTest" assertions="1" time="0.001255"/>
        <testcase name="`String Expectations` → `Chaining String Methods` → can chain multiple string assertions" file="tests/Unit/Expectations/StringExpectationsTest.php::`String Expectations` → `Chaining String Methods` → can chain multiple string assertions" class="Tests\Unit\Expectations\StringExpectationsTest" classname="Tests.Unit.Expectations.StringExpectationsTest" assertions="1" time="0.001215"/>
        <testcase name="`String Expectations` → `Chaining String Methods` → can mix string and pattern checks" file="tests/Unit/Expectations/StringExpectationsTest.php::`String Expectations` → `Chaining String Methods` → can mix string and pattern checks" class="Tests\Unit\Expectations\StringExpectationsTest" classname="Tests.Unit.Expectations.StringExpectationsTest" assertions="1" time="0.001229"/>
      </testsuite>
      <testsuite name="Tests\Unit\Expectations\TypeExpectationsTest" file="tests/Unit/Expectations/TypeExpectationsTest.php" tests="30" assertions="61" errors="0" failures="0" skipped="0" time="0.047166">
        <testcase name="`Type Expectations` → `Happy Paths` → toBeString() accepts string values" file="tests/Unit/Expectations/TypeExpectationsTest.php::`Type Expectations` → `Happy Paths` → toBeString() accepts string values" class="Tests\Unit\Expectations\TypeExpectationsTest" classname="Tests.Unit.Expectations.TypeExpectationsTest" assertions="3" time="0.010411"/>
        <testcase name="`Type Expectations` → `Happy Paths` → toBeInt() accepts integer values" file="tests/Unit/Expectations/TypeExpectationsTest.php::`Type Expectations` → `Happy Paths` → toBeInt() accepts integer values" class="Tests\Unit\Expectations\TypeExpectationsTest" classname="Tests.Unit.Expectations.TypeExpectationsTest" assertions="4" time="0.001250"/>
        <testcase name="`Type Expectations` → `Happy Paths` → toBeFloat() accepts float values" file="tests/Unit/Expectations/TypeExpectationsTest.php::`Type Expectations` → `Happy Paths` → toBeFloat() accepts float values" class="Tests\Unit\Expectations\TypeExpectationsTest" classname="Tests.Unit.Expectations.TypeExpectationsTest" assertions="3" time="0.001150"/>
        <testcase name="`Type Expectations` → `Happy Paths` → toBeBool() accepts boolean values" file="tests/Unit/Expectations/TypeExpectationsTest.php::`Type Expectations` → `Happy Paths` → toBeBool() accepts boolean values" class="Tests\Unit\Expectations\TypeExpectationsTest" classname="Tests.Unit.Expectations.TypeExpectationsTest" assertions="2" time="0.001166"/>
        <testcase name="`Type Expectations` → `Happy Paths` → toBeArray() accepts array values" file="tests/Unit/Expectations/TypeExpectationsTest.php::`Type Expectations` → `Happy Paths` → toBeArray() accepts array values" class="Tests\Unit\Expectations\TypeExpectationsTest" classname="Tests.Unit.Expectations.TypeExpectationsTest" assertions="3" time="0.001126"/>
        <testcase name="`Type Expectations` → `Happy Paths` → toBeObject() accepts object values" file="tests/Unit/Expectations/TypeExpectationsTest.php::`Type Expectations` → `Happy Paths` → toBeObject() accepts object values" class="Tests\Unit\Expectations\TypeExpectationsTest" classname="Tests.Unit.Expectations.TypeExpectationsTest" assertions="2" time="0.001125"/>
        <testcase name="`Type Expectations` → `Happy Paths` → toBeCallable() accepts callable values" file="tests/Unit/Expectations/TypeExpectationsTest.php::`Type Expectations` → `Happy Paths` → toBeCallable() accepts callable values" class="Tests\Unit\Expectations\TypeExpectationsTest" classname="Tests.Unit.Expectations.TypeExpectationsTest" assertions="3" time="0.001163"/>
        <testcase name="`Type Expectations` → `Happy Paths` → toBeIterable() accepts iterable values" file="tests/Unit/Expectations/TypeExpectationsTest.php::`Type Expectations` → `Happy Paths` → toBeIterable() accepts iterable values" class="Tests\Unit\Expectations\TypeExpectationsTest" classname="Tests.Unit.Expectations.TypeExpectationsTest" assertions="2" time="0.001159"/>
        <testcase name="`Type Expectations` → `Happy Paths` → toBeCountable() accepts countable values" file="tests/Unit/Expectations/TypeExpectationsTest.php::`Type Expectations` → `Happy Paths` → toBeCountable() accepts countable values" class="Tests\Unit\Expectations\TypeExpectationsTest" classname="Tests.Unit.Expectations.TypeExpectationsTest" assertions="2" time="0.001167"/>
        <testcase name="`Type Expectations` → `Happy Paths` → toBeNumeric() accepts numeric values" file="tests/Unit/Expectations/TypeExpectationsTest.php::`Type Expectations` → `Happy Paths` → toBeNumeric() accepts numeric values" class="Tests\Unit\Expectations\TypeExpectationsTest" classname="Tests.Unit.Expectations.TypeExpectationsTest" assertions="3" time="0.001171"/>
        <testcase name="`Type Expectations` → `Happy Paths` → toBeScalar() accepts scalar values" file="tests/Unit/Expectations/TypeExpectationsTest.php::`Type Expectations` → `Happy Paths` → toBeScalar() accepts scalar values" class="Tests\Unit\Expectations\TypeExpectationsTest" classname="Tests.Unit.Expectations.TypeExpectationsTest" assertions="4" time="0.001223"/>
        <testcase name="`Type Expectations` → `Happy Paths` → toBeResource() accepts resource values" file="tests/Unit/Expectations/TypeExpectationsTest.php::`Type Expectations` → `Happy Paths` → toBeResource() accepts resource values" class="Tests\Unit\Expectations\TypeExpectationsTest" classname="Tests.Unit.Expectations.TypeExpectationsTest" assertions="1" time="0.001198"/>
        <testcase name="`Type Expectations` → `Sad Paths` → toBeString() rejects non-string values" file="tests/Unit/Expectations/TypeExpectationsTest.php::`Type Expectations` → `Sad Paths` → toBeString() rejects non-string values" class="Tests\Unit\Expectations\TypeExpectationsTest" classname="Tests.Unit.Expectations.TypeExpectationsTest" assertions="1" time="0.001193"/>
        <testcase name="`Type Expectations` → `Sad Paths` → toBeInt() rejects non-integer values" file="tests/Unit/Expectations/TypeExpectationsTest.php::`Type Expectations` → `Sad Paths` → toBeInt() rejects non-integer values" class="Tests\Unit\Expectations\TypeExpectationsTest" classname="Tests.Unit.Expectations.TypeExpectationsTest" assertions="2" time="0.001218"/>
        <testcase name="`Type Expectations` → `Sad Paths` → toBeFloat() rejects non-float values" file="tests/Unit/Expectations/TypeExpectationsTest.php::`Type Expectations` → `Sad Paths` → toBeFloat() rejects non-float values" class="Tests\Unit\Expectations\TypeExpectationsTest" classname="Tests.Unit.Expectations.TypeExpectationsTest" assertions="1" time="0.001251"/>
        <testcase name="`Type Expectations` → `Sad Paths` → toBeBool() rejects non-boolean values" file="tests/Unit/Expectations/TypeExpectationsTest.php::`Type Expectations` → `Sad Paths` → toBeBool() rejects non-boolean values" class="Tests\Unit\Expectations\TypeExpectationsTest" classname="Tests.Unit.Expectations.TypeExpectationsTest" assertions="2" time="0.001232"/>
        <testcase name="`Type Expectations` → `Sad Paths` → toBeArray() rejects non-array values" file="tests/Unit/Expectations/TypeExpectationsTest.php::`Type Expectations` → `Sad Paths` → toBeArray() rejects non-array values" class="Tests\Unit\Expectations\TypeExpectationsTest" classname="Tests.Unit.Expectations.TypeExpectationsTest" assertions="2" time="0.001242"/>
        <testcase name="`Type Expectations` → `Sad Paths` → toBeObject() rejects non-object values" file="tests/Unit/Expectations/TypeExpectationsTest.php::`Type Expectations` → `Sad Paths` → toBeObject() rejects non-object values" class="Tests\Unit\Expectations\TypeExpectationsTest" classname="Tests.Unit.Expectations.TypeExpectationsTest" assertions="1" time="0.001302"/>
        <testcase name="`Type Expectations` → `Sad Paths` → toBeCallable() rejects non-callable values" file="tests/Unit/Expectations/TypeExpectationsTest.php::`Type Expectations` → `Sad Paths` → toBeCallable() rejects non-callable values" class="Tests\Unit\Expectations\TypeExpectationsTest" classname="Tests.Unit.Expectations.TypeExpectationsTest" assertions="2" time="0.001313"/>
        <testcase name="`Type Expectations` → `Sad Paths` → toBeNumeric() rejects non-numeric values" file="tests/Unit/Expectations/TypeExpectationsTest.php::`Type Expectations` → `Sad Paths` → toBeNumeric() rejects non-numeric values" class="Tests\Unit\Expectations\TypeExpectationsTest" classname="Tests.Unit.Expectations.TypeExpectationsTest" assertions="1" time="0.001304"/>
        <testcase name="`Type Expectations` → `Sad Paths` → toBeScalar() rejects non-scalar values" file="tests/Unit/Expectations/TypeExpectationsTest.php::`Type Expectations` → `Sad Paths` → toBeScalar() rejects non-scalar values" class="Tests\Unit\Expectations\TypeExpectationsTest" classname="Tests.Unit.Expectations.TypeExpectationsTest" assertions="2" time="0.001326"/>
        <testcase name="`Type Expectations` → `Edge Cases` → toBeInt() strict check" file="tests/Unit/Expectations/TypeExpectationsTest.php::`Type Expectations` → `Edge Cases` → toBeInt() strict check" class="Tests\Unit\Expectations\TypeExpectationsTest" classname="Tests.Unit.Expectations.TypeExpectationsTest" assertions="1" time="0.001288"/>
        <testcase name="`Type Expectations` → `Edge Cases` → toBeFloat() strict check" file="tests/Unit/Expectations/TypeExpectationsTest.php::`Type Expectations` → `Edge Cases` → toBeFloat() strict check" class="Tests\Unit\Expectations\TypeExpectationsTest" classname="Tests.Unit.Expectations.TypeExpectationsTest" assertions="1" time="0.001325"/>
        <testcase name="`Type Expectations` → `Edge Cases` → toBeBool() strict check" file="tests/Unit/Expectations/TypeExpectationsTest.php::`Type Expectations` → `Edge Cases` → toBeBool() strict check" class="Tests\Unit\Expectations\TypeExpectationsTest" classname="Tests.Unit.Expectations.TypeExpectationsTest" assertions="2" time="0.001314"/>
        <testcase name="`Type Expectations` → `Edge Cases` → type expectations can be chained" file="tests/Unit/Expectations/TypeExpectationsTest.php::`Type Expectations` → `Edge Cases` → type expectations can be chained" class="Tests\Unit\Expectations\TypeExpectationsTest" classname="Tests.Unit.Expectations.TypeExpectationsTest" assertions="1" time="0.001344"/>
        <testcase name="`Type Expectations` → `Edge Cases` → toBeNumeric() accepts string numbers" file="tests/Unit/Expectations/TypeExpectationsTest.php::`Type Expectations` → `Edge Cases` → toBeNumeric() accepts string numbers" class="Tests\Unit\Expectations\TypeExpectationsTest" classname="Tests.Unit.Expectations.TypeExpectationsTest" assertions="2" time="0.001425"/>
        <testcase name="`Type Expectations` → `Negation with Types` → not-&gt;toBeString() accepts non-strings" file="tests/Unit/Expectations/TypeExpectationsTest.php::`Type Expectations` → `Negation with Types` → not-&gt;toBeString() accepts non-strings" class="Tests\Unit\Expectations\TypeExpectationsTest" classname="Tests.Unit.Expectations.TypeExpectationsTest" assertions="2" time="0.001444"/>
        <testcase name="`Type Expectations` → `Negation with Types` → not-&gt;toBeInt() accepts non-integers" file="tests/Unit/Expectations/TypeExpectationsTest.php::`Type Expectations` → `Negation with Types` → not-&gt;toBeInt() accepts non-integers" class="Tests\Unit\Expectations\TypeExpectationsTest" classname="Tests.Unit.Expectations.TypeExpectationsTest" assertions="2" time="0.001391"/>
        <testcase name="`Type Expectations` → `Negation with Types` → not-&gt;toBeFloat() accepts non-floats" file="tests/Unit/Expectations/TypeExpectationsTest.php::`Type Expectations` → `Negation with Types` → not-&gt;toBeFloat() accepts non-floats" class="Tests\Unit\Expectations\TypeExpectationsTest" classname="Tests.Unit.Expectations.TypeExpectationsTest" assertions="2" time="0.001403"/>
        <testcase name="`Type Expectations` → `Negation with Types` → not-&gt;toBeArray() accepts non-arrays" file="tests/Unit/Expectations/TypeExpectationsTest.php::`Type Expectations` → `Negation with Types` → not-&gt;toBeArray() accepts non-arrays" class="Tests\Unit\Expectations\TypeExpectationsTest" classname="Tests.Unit.Expectations.TypeExpectationsTest" assertions="2" time="0.001544"/>
      </testsuite>
      <testsuite name="Tests\Unit\PR142AllowOverridingStringifyTest" file="tests/Unit/PR142_AllowOverridingStringifyTest.php" tests="6" assertions="12" errors="0" failures="0" skipped="0" time="0.017979">
        <testsuite name="`Regression` → custom stringify method formats error messages correctly (PR #14" tests="6" assertions="12" errors="0" failures="0" skipped="0" time="0.017979">
          <testcase name="`Regression` → custom stringify method formats error messages correctly (PR #142) with data set &quot;dataset &quot;Float value&quot;&quot;" file="tests/Unit/PR142_AllowOverridingStringifyTest.php::`Regression` → custom stringify method formats error messages correctly (PR #142) with data set &quot;dataset &quot;Float value&quot;&quot;" class="Tests\Unit\PR142AllowOverridingStringifyTest" classname="Tests.Unit.PR142AllowOverridingStringifyTest" assertions="2" time="0.012338"/>
          <testcase name="`Regression` → custom stringify method formats error messages correctly (PR #142) with data set &quot;dataset &quot;Boolean false&quot;&quot;" file="tests/Unit/PR142_AllowOverridingStringifyTest.php::`Regression` → custom stringify method formats error messages correctly (PR #142) with data set &quot;dataset &quot;Boolean false&quot;&quot;" class="Tests\Unit\PR142AllowOverridingStringifyTest" classname="Tests.Unit.PR142AllowOverridingStringifyTest" assertions="2" time="0.001113"/>
          <testcase name="`Regression` → custom stringify method formats error messages correctly (PR #142) with data set &quot;dataset &quot;Object value&quot;&quot;" file="tests/Unit/PR142_AllowOverridingStringifyTest.php::`Regression` → custom stringify method formats error messages correctly (PR #142) with data set &quot;dataset &quot;Object value&quot;&quot;" class="Tests\Unit\PR142AllowOverridingStringifyTest" classname="Tests.Unit.PR142AllowOverridingStringifyTest" assertions="2" time="0.001081"/>
          <testcase name="`Regression` → custom stringify method formats error messages correctly (PR #142) with data set &quot;dataset &quot;Null value&quot;&quot;" file="tests/Unit/PR142_AllowOverridingStringifyTest.php::`Regression` → custom stringify method formats error messages correctly (PR #142) with data set &quot;dataset &quot;Null value&quot;&quot;" class="Tests\Unit\PR142AllowOverridingStringifyTest" classname="Tests.Unit.PR142AllowOverridingStringifyTest" assertions="2" time="0.001154"/>
          <testcase name="`Regression` → custom stringify method formats error messages correctly (PR #142) with data set &quot;dataset &quot;Integer value&quot;&quot;" file="tests/Unit/PR142_AllowOverridingStringifyTest.php::`Regression` → custom stringify method formats error messages correctly (PR #142) with data set &quot;dataset &quot;Integer value&quot;&quot;" class="Tests\Unit\PR142AllowOverridingStringifyTest" classname="Tests.Unit.PR142AllowOverridingStringifyTest" assertions="2" time="0.001157"/>
          <testcase name="`Regression` → custom stringify method formats error messages correctly (PR #142) with data set &quot;dataset &quot;Boolean true&quot;&quot;" file="tests/Unit/PR142_AllowOverridingStringifyTest.php::`Regression` → custom stringify method formats error messages correctly (PR #142) with data set &quot;dataset &quot;Boolean true&quot;&quot;" class="Tests\Unit\PR142AllowOverridingStringifyTest" classname="Tests.Unit.PR142AllowOverridingStringifyTest" assertions="2" time="0.001135"/>
        </testsuite>
      </testsuite>
    </testsuite>
  </testsuite>
</testsuites>
